#
# A fatal error has been detected by the Java Runtime Environment:
#
#  SIGSEGV (0xb) at pc=0x00007f048a56a910, pid=31050, tid=31111
#
# JRE version: OpenJDK Runtime Environment (11.0.8+10) (build 11.0.8+10-post-Ubuntu-0ubuntu120.04)
# Java VM: OpenJDK 64-Bit Server VM (11.0.8+10-post-Ubuntu-0ubuntu120.04, mixed mode, sharing, tiered, compressed oops, parallel gc, linux-amd64)
# Problematic frame:
# V  [libjvm.so+0xc03910]
#
# Core dump will be written. Default location: Core dumps may be processed with "/usr/share/apport/apport %p %s %c %d %P %E" (or dumping to /home/programador/wesleyxavier/git/Back-End/mecanica/core.31050)
#
# If you would like to submit a bug report, please visit:
#   https://bugs.launchpad.net/ubuntu/+source/openjdk-lts
#

---------------  S U M M A R Y ------------

Command Line: --add-modules=ALL-SYSTEM --add-opens=java.base/java.util=ALL-UNNAMED --add-opens=java.base/java.lang=ALL-UNNAMED -Declipse.application=org.eclipse.jdt.ls.core.id1 -Dosgi.bundles.defaultStartLevel=4 -Declipse.product=org.eclipse.jdt.ls.core.product -Dfile.encoding=utf8 -XX:+UseParallelGC -XX:GCTimeRatio=4 -XX:AdaptiveSizePolicyWeight=90 -Dsun.zip.disableMemoryMapping=true -Xmx1G -Xms100m -javaagent:/root/.vscode/extensions/gabrielbb.vscode-lombok-1.0.1/server/lombok.jar -Xverify:none /root/.vscode/extensions/redhat.java-0.65.0/server/plugins/org.eclipse.equinox.launcher_1.5.700.v20200207-2156.jar -configuration /root/.config/Code/User/globalStorage/redhat.java/0.65.0/config_linux -data /root/.config/Code/User/workspaceStorage/e97ea7e9b644ba12820591ed18fd0176/redhat.java/jdt_ws

Host: Intel(R) Core(TM) i3-4160 CPU @ 3.60GHz, 4 cores, 11G, Ubuntu 20.04.1 LTS
Time: Wed Aug 12 14:18:05 2020 -03 elapsed time: 8841 seconds (0d 2h 27m 21s)

---------------  T H R E A D  ---------------

Current thread (0x00007f0460004800):  GCTaskThread "ParGC Thread#3" [stack: 0x00007f0464366000,0x00007f0464466000] [id=31111]

Stack: [0x00007f0464366000,0x00007f0464466000],  sp=0x00007f0464464ba0,  free space=1018k
Native frames: (J=compiled Java code, A=aot compiled Java code, j=interpreted, Vv=VM code, C=native code)
V  [libjvm.so+0xc03910]
V  [libjvm.so+0xba7583]
V  [libjvm.so+0xc09e14]
V  [libjvm.so+0xbd85ec]
V  [libjvm.so+0x7740cd]
V  [libjvm.so+0xd1f430]
V  [libjvm.so+0xb8f706]


siginfo: si_signo: 11 (SIGSEGV), si_code: 1 (SEGV_MAPERR), si_addr: 0x00000004c0100538

Register to memory mapping:

RAX=0x00000004c0100400 is an unknown value
RBX=0x00007f0464464c50 points into unknown readable memory: 60 07 9b 8a 04 7f 00 00
RCX=0x0000000000000003 is an unknown value
RDX=0x00007f0484114cf0 points into unknown readable memory: 00 00 00 00 00 00 00 00
RSP=0x00007f0464464ba0 points into unknown readable memory: 68 01 00 00 00 00 00 00
RBP=0x00007f0464464bc0 points into unknown readable memory: 10 4c 46 64 04 7f 00 00
RSI=0x00000000c7b33660 points into unknown readable memory: 01 00 00 00 00 00 00 00
RDI=0x00000008003b7f90 is pointing into metadata
R8 =0x00000008003b7f90 is pointing into metadata
R9 =0x00007f048aa613c8: <offset 0x00000000010fa3c8> in /usr/lib/jvm/java-11-openjdk-amd64/lib/server/libjvm.so at 0x00007f0489967000
R10=0x000000000163ca52 is an unknown value
R11=0x0000000000000001 is an unknown value
R12=0x0000000000000009 is an unknown value
R13=0x0000000000000048 is an unknown value
R14=0x00007f0464464c50 points into unknown readable memory: 60 07 9b 8a 04 7f 00 00
R15=0x0000000000059000 is an unknown value


Registers:
RAX=0x00000004c0100400, RBX=0x00007f0464464c50, RCX=0x0000000000000003, RDX=0x00007f0484114cf0
RSP=0x00007f0464464ba0, RBP=0x00007f0464464bc0, RSI=0x00000000c7b33660, RDI=0x00000008003b7f90
R8 =0x00000008003b7f90, R9 =0x00007f048aa613c8, R10=0x000000000163ca52, R11=0x0000000000000001
R12=0x0000000000000009, R13=0x0000000000000048, R14=0x00007f0464464c50, R15=0x0000000000059000
RIP=0x00007f048a56a910, EFLAGS=0x0000000000010217, CSGSFS=0x002b000000000033, ERR=0x0000000000000004
  TRAPNO=0x000000000000000e

Top of Stack: (sp=0x00007f0464464ba0)
0x00007f0464464ba0:   0000000000000168 000000000163bf48
0x00007f0464464bb0:   0000000001640000 00007f048aac3b80
0x00007f0464464bc0:   00007f0464464c10 00007f048a50e583
0x00007f0464464bd0:   00007f048aa613c8 0000000001640000 

Instructions: (pc=0x00007f048a56a910)
0x00007f048a56a810:   ea 09 48 8b 48 78 48 89 f0 48 c1 e8 03 83 e0 3f
0x00007f048a56a820:   88 04 11 48 8d 05 02 e0 53 00 80 38 00 74 39 48
0x00007f048a56a830:   8d 05 da 16 51 00 8b 7e 08 8b 48 08 48 d3 e7 48
0x00007f048a56a840:   03 38 81 7f 08 ff ff ff bf 77 15 55 48 8b 07 49
0x00007f048a56a850:   8b 50 10 48 89 e5 ff 90 38 01 00 00 31 c0 5d c3
0x00007f048a56a860:   31 c0 c3 0f 1f 44 00 00 48 8b 7e 08 eb d4 66 90
0x00007f048a56a870:   f3 0f 1e fa 48 89 77 20 48 3b 57 18 0f 87 de 00
0x00007f048a56a880:   00 00 55 48 89 e5 41 55 41 54 49 89 d4 53 48 89
0x00007f048a56a890:   fb 48 83 ec 08 48 8b 47 28 48 8b 7f 30 48 85 c0
0x00007f048a56a8a0:   74 1e 48 89 fa 48 8b 40 78 48 c1 ef 03 83 e7 3f
0x00007f048a56a8b0:   48 c1 ea 09 40 88 3c 10 48 8b 73 20 48 8b 7b 30
0x00007f048a56a8c0:   4e 8d 2c e5 00 00 00 00 48 39 fe 74 0c 4c 89 ea
0x00007f048a56a8d0:   e8 6b 98 66 ff 48 8b 7b 30 48 8d 05 4c df 53 00
0x00007f048a56a8e0:   80 38 00 74 6b 48 8d 05 24 16 51 00 44 8b 47 08
0x00007f048a56a8f0:   8b 48 08 49 d3 e0 4c 03 00 41 81 78 08 ff ff ff
0x00007f048a56a900:   bf 77 17 49 8b 00 48 89 fe 48 8b 53 10 4c 89 c7
0x00007f048a56a910:   ff 90 38 01 00 00 48 8b 7b 30 48 8b 43 18 4c 01
0x00007f048a56a920:   6b 20 4c 01 ef 48 89 7b 30 4c 29 e0 48 85 c0 48
0x00007f048a56a930:   89 43 18 0f 94 c0 48 83 c4 08 0f b6 c0 5b 41 5c
0x00007f048a56a940:   01 c0 41 5d 5d c3 66 2e 0f 1f 84 00 00 00 00 00
0x00007f048a56a950:   4c 8b 47 08 eb a3 66 2e 0f 1f 84 00 00 00 00 00
0x00007f048a56a960:   b8 03 00 00 00 c3 66 2e 0f 1f 84 00 00 00 00 00
0x00007f048a56a970:   f3 0f 1e fa 66 48 0f 6e ca 48 8d 44 d1 f8 66 48
0x00007f048a56a980:   0f 6e c6 48 89 ca 66 0f 6c c1 48 25 00 00 f8 ff
0x00007f048a56a990:   48 81 e2 00 00 f8 ff 48 89 4f 10 0f 11 07 48 39
0x00007f048a56a9a0:   d0 74 2d 48 89 47 20 48 29 c8 48 c1 e6 10 48 8b
0x00007f048a56a9b0:   15 8b 91 55 00 48 c1 e8 03 c7 47 18 02 00 00 00
0x00007f048a56a9c0:   48 01 f0 48 8d 04 c2 48 89 47 28 c3 0f 1f 40 00
0x00007f048a56a9d0:   c7 47 18 01 00 00 00 48 39 c1 75 ef 48 c1 e6 13
0x00007f048a56a9e0:   48 03 35 59 91 55 00 48 89 4f 20 48 89 77 28 c3
0x00007f048a56a9f0:   f3 0f 1e fa 66 0f ef c0 48 c7 47 10 00 00 00 00
0x00007f048a56aa00:   c7 47 18 00 00 00 00 0f 11 07 0f 11 47 20 c3 90 


Stack slot to memory mapping:
stack at sp + 0 slots: 0x0000000000000168 is an unknown value
stack at sp + 1 slots: 0x000000000163bf48 is an unknown value
stack at sp + 2 slots: 0x0000000001640000 is an unknown value
stack at sp + 3 slots: 0x00007f048aac3b80: <offset 0x000000000115cb80> in /usr/lib/jvm/java-11-openjdk-amd64/lib/server/libjvm.so at 0x00007f0489967000
stack at sp + 4 slots: 0x00007f0464464c10 points into unknown readable memory: c0 4c 46 64 04 7f 00 00
stack at sp + 5 slots: 0x00007f048a50e583: <offset 0x0000000000ba7583> in /usr/lib/jvm/java-11-openjdk-amd64/lib/server/libjvm.so at 0x00007f0489967000
stack at sp + 6 slots: 0x00007f048aa613c8: <offset 0x00000000010fa3c8> in /usr/lib/jvm/java-11-openjdk-amd64/lib/server/libjvm.so at 0x00007f0489967000
stack at sp + 7 slots: 0x0000000001640000 is an unknown value


---------------  P R O C E S S  ---------------

Threads class SMR info:
_java_thread_list=0x00007f03fc156a80, length=33, elements={
0x00007f0484017000, 0x00007f048415c800, 0x00007f048415e800, 0x00007f0484169800,
0x00007f048416b800, 0x00007f048416d800, 0x00007f048416f800, 0x00007f0484191800,
0x00007f048425f800, 0x00007f04843a4800, 0x00007f04843de000, 0x00007f04843ee000,
0x00007f0420118000, 0x00007f0420388800, 0x00007f04844ca000, 0x00007f04845df000,
0x00007f03f8013000, 0x00007f03e42cc800, 0x00007f03fc019800, 0x00007f03fc024000,
0x00007f041c6ad800, 0x00007f03e81b3800, 0x00007f0455faa000, 0x00007f0454448000,
0x00007f044c01b000, 0x00007f0404164000, 0x00007f03e81b9800, 0x00007f040414d000,
0x00007f0404163000, 0x00007f03fc16d000, 0x00007f04340b0800, 0x00007f045c00d800,
0x00007f03fc16f800
}

Java Threads: ( => current thread )
  0x00007f0484017000 JavaThread "main" [_thread_blocked, id=31052, stack(0x00007f048951b000,0x00007f048961c000)]
  0x00007f048415c800 JavaThread "Reference Handler" daemon [_thread_blocked, id=31056, stack(0x00007f04659f9000,0x00007f0465afa000)]
  0x00007f048415e800 JavaThread "Finalizer" daemon [_thread_blocked, id=31057, stack(0x00007f04658f8000,0x00007f04659f9000)]
  0x00007f0484169800 JavaThread "Signal Dispatcher" daemon [_thread_blocked, id=31058, stack(0x00007f0465286000,0x00007f0465387000)]
  0x00007f048416b800 JavaThread "C2 CompilerThread0" daemon [_thread_blocked, id=31059, stack(0x00007f0465185000,0x00007f0465286000)]
  0x00007f048416d800 JavaThread "C1 CompilerThread0" daemon [_thread_blocked, id=31061, stack(0x00007f0465084000,0x00007f0465185000)]
  0x00007f048416f800 JavaThread "Sweeper thread" daemon [_thread_blocked, id=31062, stack(0x00007f0464f83000,0x00007f0465084000)]
  0x00007f0484191800 JavaThread "Common-Cleaner" daemon [_thread_blocked, id=31064, stack(0x00007f0464e82000,0x00007f0464f83000)]
  0x00007f048425f800 JavaThread "Service Thread" daemon [_thread_blocked, id=31080, stack(0x00007f0464d81000,0x00007f0464e82000)]
  0x00007f04843a4800 JavaThread "Active Thread: Equinox Container: b7a64637-767c-441c-99c0-a61ddf19e6b5" [_thread_blocked, id=31103, stack(0x00007f046497b000,0x00007f0464a7c000)]
  0x00007f04843de000 JavaThread "Framework Event Dispatcher: Equinox Container: b7a64637-767c-441c-99c0-a61ddf19e6b5" daemon [_thread_blocked, id=31106, stack(0x00007f046487a000,0x00007f046497b000)]
  0x00007f04843ee000 JavaThread "Start Level: Equinox Container: b7a64637-767c-441c-99c0-a61ddf19e6b5" daemon [_thread_blocked, id=31107, stack(0x00007f0464779000,0x00007f046487a000)]
  0x00007f0420118000 JavaThread "Worker-JM" [_thread_blocked, id=31115, stack(0x00007f0464b7e000,0x00007f0464c7f000)]
  0x00007f0420388800 JavaThread "Java indexing" daemon [_thread_blocked, id=31123, stack(0x00007f04176fd000,0x00007f04177fe000)]
  0x00007f04844ca000 JavaThread "pool-2-thread-1" [_thread_blocked, id=31139, stack(0x00007f0416a45000,0x00007f0416b46000)]
  0x00007f04845df000 JavaThread "pool-1-thread-1" [_thread_blocked, id=31140, stack(0x00007f0416bfc000,0x00007f0416cfd000)]
  0x00007f03f8013000 JavaThread "Bundle File Closer" daemon [_thread_blocked, id=31146, stack(0x00007f0415e41000,0x00007f0415f42000)]
  0x00007f03e42cc800 JavaThread "Java Debug Server" daemon [_thread_in_native, id=31364, stack(0x00007f0464063000,0x00007f0464164000)]
  0x00007f03fc019800 JavaThread "RxSchedulerPurge-1" daemon [_thread_blocked, id=31366, stack(0x00007f041413c000,0x00007f041423d000)]
  0x00007f03fc024000 JavaThread "RxCachedWorkerPoolEvictor-1" daemon [_thread_blocked, id=31367, stack(0x00007f041403b000,0x00007f041413c000)]
  0x00007f041c6ad800 JavaThread "pool-3-thread-5" [_thread_in_native, id=37139, stack(0x00007f03ee0f4000,0x00007f03ee1f5000)]
  0x00007f03e81b3800 JavaThread "RxNewThreadScheduler-11" daemon [_thread_blocked, id=37140, stack(0x00007f03edff3000,0x00007f03ee0f4000)]
  0x00007f0455faa000 JavaThread "Packet Receive Manager" daemon [_thread_in_native, id=37341, stack(0x00007f03ef2fe000,0x00007f03ef3ff000)]
  0x00007f0454448000 JavaThread "Packet Send Manager" daemon [_thread_blocked, id=37342, stack(0x00007f03ed9ed000,0x00007f03edaee000)]
  0x00007f044c01b000 JavaThread "Event Hub" daemon [_thread_blocked, id=37346, stack(0x00007f03eeffb000,0x00007f03ef0fc000)]
  0x00007f0404164000 JavaThread "ForkJoinPool.commonPool-worker-5" daemon [_thread_blocked, id=39403, stack(0x00007f041543f000,0x00007f0415540000)]
  0x00007f03e81b9800 JavaThread "Worker-19" [_thread_blocked, id=39655, stack(0x00007f04179fe000,0x00007f0417aff000)]
  0x00007f040414d000 JavaThread "ForkJoinPool.commonPool-worker-7" daemon [_thread_blocked, id=40451, stack(0x00007f0415f42000,0x00007f0416043000)]
  0x00007f0404163000 JavaThread "ForkJoinPool.commonPool-worker-1" daemon [_thread_blocked, id=40452, stack(0x00007f03edef2000,0x00007f03edff3000)]
  0x00007f03fc16d000 JavaThread "Worker-21" [_thread_blocked, id=40463, stack(0x00007f03eddf1000,0x00007f03edef2000)]
  0x00007f04340b0800 JavaThread "Worker-22" [_thread_blocked, id=40491, stack(0x00007f0416544000,0x00007f0416645000)]
  0x00007f045c00d800 JavaThread "Keep-Alive-SocketCleaner" daemon [_thread_blocked, id=41536, stack(0x00007f03ef3ff000,0x00007f03ef500000)]
  0x00007f03fc16f800 JavaThread "Worker-23" [_thread_blocked, id=41659, stack(0x00007f041533e000,0x00007f041543f000)]

Other Threads:
  0x00007f0484159800 VMThread "VM Thread" [stack: 0x00007f0465afc000,0x00007f0465bfc000] [id=31055]
  0x00007f0484261800 WatcherThread [stack: 0x00007f0464c81000,0x00007f0464d81000] [id=31081]
  0x00007f048402e800 GCTaskThread "ParGC Thread#0" [stack: 0x00007f0488e6a000,0x00007f0488f6a000] [id=31053]
  0x00007f0460001000 GCTaskThread "ParGC Thread#1" [stack: 0x00007f0464a7e000,0x00007f0464b7e000] [id=31094]
  0x00007f0460003000 GCTaskThread "ParGC Thread#2" [stack: 0x00007f0464468000,0x00007f0464568000] [id=31110]
=>0x00007f0460004800 GCTaskThread "ParGC Thread#3" [stack: 0x00007f0464366000,0x00007f0464466000] [id=31111]

Threads with active compile tasks:
C1 CompilerThread08841197 35388       3       org.eclipse.jdt.core.Signature::getArrayCount (8 bytes)

VM state:at safepoint (normal execution)

VM Mutex/Monitor currently owned by a thread:  ([mutex/lock_event])
[0x00007f0484013b50] Threads_lock - owner thread: 0x00007f0484159800
[0x00007f0484014330] Heap_lock - owner thread: 0x00007f0404163000

Heap address: 0x00000000c0000000, size: 1024 MB, Compressed Oops mode: 32-bit
Narrow klass base: 0x0000000800000000, Narrow klass shift: 3
Compressed class space size: 1073741824 Address: 0x0000000840000000

Heap:
 PSYoungGen      total 25088K, used 1024K [0x00000000eab00000, 0x00000000ed180000, 0x0000000100000000)
  eden space 24064K, 0% used [0x00000000eab00000,0x00000000eab00000,0x00000000ec280000)
  from space 1024K, 100% used [0x00000000ecd80000,0x00000000ece80000,0x00000000ece80000)
  to   space 7680K, 0% used [0x00000000ec280000,0x00000000ec280000,0x00000000eca00000)
 ParOldGen       total 185856K, used 185312K [0x00000000c0000000, 0x00000000cb580000, 0x00000000eab00000)
  object space 185856K, 99% used [0x00000000c0000000,0x00000000cb4f8058,0x00000000cb580000)
 Metaspace       used 89508K, capacity 93614K, committed 94080K, reserved 1134592K
  class space    used 8010K, capacity 9518K, committed 9600K, reserved 1048576K

Card table byte_map: [0x00007f04890c0000,0x00007f04892c1000] _byte_map_base: 0x00007f0488ac0000

Marking Bits: (ParMarkBitMap*) 0x00007f048aac3b80
 Begin Bits: [0x00007f0466000000, 0x00007f0467000000)
 End Bits:   [0x00007f0467000000, 0x00007f0468000000)

Polling page: 0x00007f04894e0000

Metaspace:

Usage:
  Non-class:     82,12 MB capacity,    79,59 MB ( 97%) used,     2,32 MB (  3%) free+waste,   218,06 KB ( <1%) overhead. 
      Class:      9,29 MB capacity,     7,82 MB ( 84%) used,     1,38 MB ( 15%) free+waste,    89,62 KB ( <1%) overhead. 
       Both:     91,42 MB capacity,    87,41 MB ( 96%) used,     3,71 MB (  4%) free+waste,   307,69 KB ( <1%) overhead. 

Virtual space:
  Non-class space:       84,00 MB reserved,      82,50 MB ( 98%) committed 
      Class space:        1,00 GB reserved,       9,38 MB ( <1%) committed 
             Both:        1,08 GB reserved,      91,88 MB (  8%) committed 

Chunk freelists:
   Non-Class:  272,00 KB
       Class:  50,00 KB
        Both:  322,00 KB

MaxMetaspaceSize: unlimited
CompressedClassSpaceSize: 1,00 GB

CodeHeap 'non-profiled nmethods': size=120032Kb used=28801Kb max_used=28801Kb free=91230Kb
 bounds [0x00007f04743ca000, 0x00007f047600a000, 0x00007f047b902000]
CodeHeap 'profiled nmethods': size=120032Kb used=51248Kb max_used=51248Kb free=68783Kb
 bounds [0x00007f046ce92000, 0x00007f04701c2000, 0x00007f04743ca000]
CodeHeap 'non-nmethods': size=5696Kb used=1351Kb max_used=1413Kb free=4344Kb
 bounds [0x00007f046c902000, 0x00007f046cb72000, 0x00007f046ce92000]
 total_blobs=23004 nmethods=22227 adapters=685
 compilation: enabled
              stopped_count=0, restarted_count=0
 full_count=0

Compilation events (20 events):
Event: 8838,839 Thread 0x00007f048416d800 nmethod 35378 0x00007f046f8f6310 code [0x00007f046f8f6620, 0x00007f046f8f74f0]
Event: 8838,848 Thread 0x00007f048416b800 35379   !   4       lombok.eclipse.agent.PatchValEclipse::copyInitializationOfForEachIterable (166 bytes)
Event: 8838,886 Thread 0x00007f048416b800 nmethod 35379 0x00007f0475ff6310 code [0x00007f0475ff6640, 0x00007f0475ff8168]
Event: 8839,083 Thread 0x00007f048416b800 35380       4       org.eclipse.jdt.internal.compiler.parser.Scanner::scanNumber (1704 bytes)
Event: 8839,109 Thread 0x00007f048416b800 nmethod 35380 0x00007f0475ff9510 code [0x00007f0475ff9a40, 0x00007f0475ffba48]
Event: 8840,916 Thread 0x00007f048416b800 35381   !   4       lombok.eclipse.agent.PatchValEclipsePortal::copyInitializationOfForEachIterable (65 bytes)
Event: 8840,921 Thread 0x00007f048416b800 nmethod 35381 0x00007f0475ffd310 code [0x00007f0475ffd520, 0x00007f0475ffd830]
Event: 8840,921 Thread 0x00007f048416b800 35382       4       org.eclipse.jdt.internal.codeassist.impl.AssistParser::popUntilElement (112 bytes)
Event: 8840,926 Thread 0x00007f048416b800 nmethod 35382 0x00007f0475ffdc10 code [0x00007f0475ffddc0, 0x00007f0475ffdff8]
Event: 8840,974 Thread 0x00007f048416b800 35383   !   4       jdk.internal.reflect.GeneratedMethodAccessor73::invoke (50 bytes)
Event: 8840,978 Thread 0x00007f048416b800 nmethod 35383 0x00007f0475ffe190 code [0x00007f0475ffe3c0, 0x00007f0475ffe760]
Event: 8840,981 Thread 0x00007f048416d800 35384       3       org.eclipse.jdt.ls.core.internal.contentassist.CompletionProposalRequestor::mapKind (231 bytes)
Event: 8840,982 Thread 0x00007f048416d800 nmethod 35384 0x00007f046f756c10 code [0x00007f046f756e60, 0x00007f046f757a10]
Event: 8840,991 Thread 0x00007f048416b800 35385       4       org.eclipse.jdt.core.compiler.CharOperation::remove (106 bytes)
Event: 8840,992 Thread 0x00007f048416d800 35386   !   3       org.eclipse.jdt.internal.corext.template.java.JavaContextCore::getStart (106 bytes)
Event: 8840,993 Thread 0x00007f048416d800 nmethod 35386 0x00007f046fb81490 code [0x00007f046fb81700, 0x00007f046fb82710]
Event: 8840,994 Thread 0x00007f048416b800 nmethod 35385 0x00007f0475ffec10 code [0x00007f0475ffeda0, 0x00007f0475ffef58]
Event: 8840,994 Thread 0x00007f048416b800 35387       4       org.eclipse.jdt.internal.codeassist.impl.AssistParser::pushOnElementStack (8 bytes)
Event: 8840,995 Thread 0x00007f048416b800 nmethod 35387 0x00007f0475fff090 code [0x00007f0475fff240, 0x00007f0475fff3d8]
Event: 8840,998 Thread 0x00007f048416d800 35388       3       org.eclipse.jdt.core.Signature::getArrayCount (8 bytes)

GC Heap History (20 events):
Event: 8830,430 GC heap after
{Heap after GC invocations=7597 (full 197):
 PSYoungGen      total 31232K, used 2157K [0x00000000eab00000, 0x00000000ed180000, 0x0000000100000000)
  eden space 28672K, 0% used [0x00000000eab00000,0x00000000eab00000,0x00000000ec700000)
  from space 2560K, 84% used [0x00000000ece00000,0x00000000ed01b610,0x00000000ed080000)
  to   space 1024K, 0% used [0x00000000ed080000,0x00000000ed080000,0x00000000ed180000)
 ParOldGen       total 185856K, used 175488K [0x00000000c0000000, 0x00000000cb580000, 0x00000000eab00000)
  object space 185856K, 94% used [0x00000000c0000000,0x00000000cab602a0,0x00000000cb580000)
 Metaspace       used 89498K, capacity 93550K, committed 94080K, reserved 1134592K
  class space    used 8009K, capacity 9518K, committed 9600K, reserved 1048576K
}
Event: 8830,707 GC heap before
{Heap before GC invocations=7598 (full 197):
 PSYoungGen      total 31232K, used 30829K [0x00000000eab00000, 0x00000000ed180000, 0x0000000100000000)
  eden space 28672K, 100% used [0x00000000eab00000,0x00000000ec700000,0x00000000ec700000)
  from space 2560K, 84% used [0x00000000ece00000,0x00000000ed01b610,0x00000000ed080000)
  to   space 1024K, 0% used [0x00000000ed080000,0x00000000ed080000,0x00000000ed180000)
 ParOldGen       total 185856K, used 175488K [0x00000000c0000000, 0x00000000cb580000, 0x00000000eab00000)
  object space 185856K, 94% used [0x00000000c0000000,0x00000000cab602a0,0x00000000cb580000)
 Metaspace       used 89498K, capacity 93550K, committed 94080K, reserved 1134592K
  class space    used 8009K, capacity 9518K, committed 9600K, reserved 1048576K
}
Event: 8830,710 GC heap after
{Heap after GC invocations=7598 (full 197):
 PSYoungGen      total 29184K, used 1006K [0x00000000eab00000, 0x00000000ed180000, 0x0000000100000000)
  eden space 28160K, 0% used [0x00000000eab00000,0x00000000eab00000,0x00000000ec680000)
  from space 1024K, 98% used [0x00000000ed080000,0x00000000ed17bb00,0x00000000ed180000)
  to   space 2048K, 0% used [0x00000000ecd80000,0x00000000ecd80000,0x00000000ecf80000)
 ParOldGen       total 185856K, used 176163K [0x00000000c0000000, 0x00000000cb580000, 0x00000000eab00000)
  object space 185856K, 94% used [0x00000000c0000000,0x00000000cac08f80,0x00000000cb580000)
 Metaspace       used 89498K, capacity 93550K, committed 94080K, reserved 1134592K
  class space    used 8009K, capacity 9518K, committed 9600K, reserved 1048576K
}
Event: 8831,257 GC heap before
{Heap before GC invocations=7599 (full 197):
 PSYoungGen      total 29184K, used 29166K [0x00000000eab00000, 0x00000000ed180000, 0x0000000100000000)
  eden space 28160K, 100% used [0x00000000eab00000,0x00000000ec680000,0x00000000ec680000)
  from space 1024K, 98% used [0x00000000ed080000,0x00000000ed17bb00,0x00000000ed180000)
  to   space 2048K, 0% used [0x00000000ecd80000,0x00000000ecd80000,0x00000000ecf80000)
 ParOldGen       total 185856K, used 176163K [0x00000000c0000000, 0x00000000cb580000, 0x00000000eab00000)
  object space 185856K, 94% used [0x00000000c0000000,0x00000000cac08f80,0x00000000cb580000)
 Metaspace       used 89498K, capacity 93550K, committed 94080K, reserved 1134592K
  class space    used 8009K, capacity 9518K, committed 9600K, reserved 1048576K
}
Event: 8831,260 GC heap after
{Heap after GC invocations=7599 (full 197):
 PSYoungGen      total 29696K, used 1076K [0x00000000eab00000, 0x00000000ed100000, 0x0000000100000000)
  eden space 27648K, 0% used [0x00000000eab00000,0x00000000eab00000,0x00000000ec600000)
  from space 2048K, 52% used [0x00000000ecd80000,0x00000000ece8d200,0x00000000ecf80000)
  to   space 1536K, 0% used [0x00000000ecf80000,0x00000000ecf80000,0x00000000ed100000)
 ParOldGen       total 185856K, used 176179K [0x00000000c0000000, 0x00000000cb580000, 0x00000000eab00000)
  object space 185856K, 94% used [0x00000000c0000000,0x00000000cac0cf80,0x00000000cb580000)
 Metaspace       used 89498K, capacity 93550K, committed 94080K, reserved 1134592K
  class space    used 8009K, capacity 9518K, committed 9600K, reserved 1048576K
}
Event: 8835,516 GC heap before
{Heap before GC invocations=7600 (full 197):
 PSYoungGen      total 29696K, used 28724K [0x00000000eab00000, 0x00000000ed100000, 0x0000000100000000)
  eden space 27648K, 100% used [0x00000000eab00000,0x00000000ec600000,0x00000000ec600000)
  from space 2048K, 52% used [0x00000000ecd80000,0x00000000ece8d200,0x00000000ecf80000)
  to   space 1536K, 0% used [0x00000000ecf80000,0x00000000ecf80000,0x00000000ed100000)
 ParOldGen       total 185856K, used 176179K [0x00000000c0000000, 0x00000000cb580000, 0x00000000eab00000)
  object space 185856K, 94% used [0x00000000c0000000,0x00000000cac0cf80,0x00000000cb580000)
 Metaspace       used 89504K, capacity 93614K, committed 94080K, reserved 1134592K
  class space    used 8010K, capacity 9518K, committed 9600K, reserved 1048576K
}
Event: 8835,518 GC heap after
{Heap after GC invocations=7600 (full 197):
 PSYoungGen      total 28672K, used 1108K [0x00000000eab00000, 0x00000000ed100000, 0x0000000100000000)
  eden space 27136K, 0% used [0x00000000eab00000,0x00000000eab00000,0x00000000ec580000)
  from space 1536K, 72% used [0x00000000ecf80000,0x00000000ed095200,0x00000000ed100000)
  to   space 1536K, 0% used [0x00000000ece00000,0x00000000ece00000,0x00000000ecf80000)
 ParOldGen       total 185856K, used 176179K [0x00000000c0000000, 0x00000000cb580000, 0x00000000eab00000)
  object space 185856K, 94% used [0x00000000c0000000,0x00000000cac0cf80,0x00000000cb580000)
 Metaspace       used 89504K, capacity 93614K, committed 94080K, reserved 1134592K
  class space    used 8010K, capacity 9518K, committed 9600K, reserved 1048576K
}
Event: 8836,739 GC heap before
{Heap before GC invocations=7601 (full 197):
 PSYoungGen      total 28672K, used 28244K [0x00000000eab00000, 0x00000000ed100000, 0x0000000100000000)
  eden space 27136K, 100% used [0x00000000eab00000,0x00000000ec580000,0x00000000ec580000)
  from space 1536K, 72% used [0x00000000ecf80000,0x00000000ed095200,0x00000000ed100000)
  to   space 1536K, 0% used [0x00000000ece00000,0x00000000ece00000,0x00000000ecf80000)
 ParOldGen       total 185856K, used 176179K [0x00000000c0000000, 0x00000000cb580000, 0x00000000eab00000)
  object space 185856K, 94% used [0x00000000c0000000,0x00000000cac0cf80,0x00000000cb580000)
 Metaspace       used 89505K, capacity 93614K, committed 94080K, reserved 1134592K
  class space    used 8010K, capacity 9518K, committed 9600K, reserved 1048576K
}
Event: 8836,741 GC heap after
{Heap after GC invocations=7601 (full 197):
 PSYoungGen      total 28160K, used 1524K [0x00000000eab00000, 0x00000000ed000000, 0x0000000100000000)
  eden space 26624K, 0% used [0x00000000eab00000,0x00000000eab00000,0x00000000ec500000)
  from space 1536K, 99% used [0x00000000ece00000,0x00000000ecf7d200,0x00000000ecf80000)
  to   space 512K, 0% used [0x00000000ecf80000,0x00000000ecf80000,0x00000000ed000000)
 ParOldGen       total 185856K, used 176368K [0x00000000c0000000, 0x00000000cb580000, 0x00000000eab00000)
  object space 185856K, 94% used [0x00000000c0000000,0x00000000cac3c1c0,0x00000000cb580000)
 Metaspace       used 89505K, capacity 93614K, committed 94080K, reserved 1134592K
  class space    used 8010K, capacity 9518K, committed 9600K, reserved 1048576K
}
Event: 8837,091 GC heap before
{Heap before GC invocations=7602 (full 197):
 PSYoungGen      total 28160K, used 28148K [0x00000000eab00000, 0x00000000ed000000, 0x0000000100000000)
  eden space 26624K, 100% used [0x00000000eab00000,0x00000000ec500000,0x00000000ec500000)
  from space 1536K, 99% used [0x00000000ece00000,0x00000000ecf7d200,0x00000000ecf80000)
  to   space 512K, 0% used [0x00000000ecf80000,0x00000000ecf80000,0x00000000ed000000)
 ParOldGen       total 185856K, used 176368K [0x00000000c0000000, 0x00000000cb580000, 0x00000000eab00000)
  object space 185856K, 94% used [0x00000000c0000000,0x00000000cac3c1c0,0x00000000cb580000)
 Metaspace       used 89505K, capacity 93614K, committed 94080K, reserved 1134592K
  class space    used 8010K, capacity 9518K, committed 9600K, reserved 1048576K
}
Event: 8837,094 GC heap after
{Heap after GC invocations=7602 (full 197):
 PSYoungGen      total 26624K, used 512K [0x00000000eab00000, 0x00000000ed000000, 0x0000000100000000)
  eden space 26112K, 0% used [0x00000000eab00000,0x00000000eab00000,0x00000000ec480000)
  from space 512K, 100% used [0x00000000ecf80000,0x00000000ed000000,0x00000000ed000000)
  to   space 2560K, 0% used [0x00000000ecb00000,0x00000000ecb00000,0x00000000ecd80000)
 ParOldGen       total 185856K, used 177871K [0x00000000c0000000, 0x00000000cb580000, 0x00000000eab00000)
  object space 185856K, 95% used [0x00000000c0000000,0x00000000cadb3f28,0x00000000cb580000)
 Metaspace       used 89505K, capacity 93614K, committed 94080K, reserved 1134592K
  class space    used 8010K, capacity 9518K, committed 9600K, reserved 1048576K
}
Event: 8837,440 GC heap before
{Heap before GC invocations=7603 (full 197):
 PSYoungGen      total 26624K, used 26624K [0x00000000eab00000, 0x00000000ed000000, 0x0000000100000000)
  eden space 26112K, 100% used [0x00000000eab00000,0x00000000ec480000,0x00000000ec480000)
  from space 512K, 100% used [0x00000000ecf80000,0x00000000ed000000,0x00000000ed000000)
  to   space 2560K, 0% used [0x00000000ecb00000,0x00000000ecb00000,0x00000000ecd80000)
 ParOldGen       total 185856K, used 177871K [0x00000000c0000000, 0x00000000cb580000, 0x00000000eab00000)
  object space 185856K, 95% used [0x00000000c0000000,0x00000000cadb3f28,0x00000000cb580000)
 Metaspace       used 89506K, capacity 93614K, committed 94080K, reserved 1134592K
  class space    used 8010K, capacity 9518K, committed 9600K, reserved 1048576K
}
Event: 8837,442 GC heap after
{Heap after GC invocations=7603 (full 197):
 PSYoungGen      total 28160K, used 1732K [0x00000000eab00000, 0x00000000ed000000, 0x0000000100000000)
  eden space 25600K, 0% used [0x00000000eab00000,0x00000000eab00000,0x00000000ec400000)
  from space 2560K, 67% used [0x00000000ecb00000,0x00000000eccb1210,0x00000000ecd80000)
  to   space 2048K, 0% used [0x00000000ece00000,0x00000000ece00000,0x00000000ed000000)
 ParOldGen       total 185856K, used 177871K [0x00000000c0000000, 0x00000000cb580000, 0x00000000eab00000)
  object space 185856K, 95% used [0x00000000c0000000,0x00000000cadb3f28,0x00000000cb580000)
 Metaspace       used 89506K, capacity 93614K, committed 94080K, reserved 1134592K
  class space    used 8010K, capacity 9518K, committed 9600K, reserved 1048576K
}
Event: 8840,923 GC heap before
{Heap before GC invocations=7604 (full 197):
 PSYoungGen      total 28160K, used 27332K [0x00000000eab00000, 0x00000000ed000000, 0x0000000100000000)
  eden space 25600K, 100% used [0x00000000eab00000,0x00000000ec400000,0x00000000ec400000)
  from space 2560K, 67% used [0x00000000ecb00000,0x00000000eccb1210,0x00000000ecd80000)
  to   space 2048K, 0% used [0x00000000ece00000,0x00000000ece00000,0x00000000ed000000)
 ParOldGen       total 185856K, used 177871K [0x00000000c0000000, 0x00000000cb580000, 0x00000000eab00000)
  object space 185856K, 95% used [0x00000000c0000000,0x00000000cadb3f28,0x00000000cb580000)
 Metaspace       used 89506K, capacity 93614K, committed 94080K, reserved 1134592K
  class space    used 8010K, capacity 9518K, committed 9600K, reserved 1048576K
}
Event: 8840,926 GC heap after
{Heap after GC invocations=7604 (full 197):
 PSYoungGen      total 27136K, used 2024K [0x00000000eab00000, 0x00000000ed000000, 0x0000000100000000)
  eden space 25088K, 0% used [0x00000000eab00000,0x00000000eab00000,0x00000000ec380000)
  from space 2048K, 98% used [0x00000000ece00000,0x00000000ecffa000,0x00000000ed000000)
  to   space 2560K, 0% used [0x00000000ecb00000,0x00000000ecb00000,0x00000000ecd80000)
 ParOldGen       total 185856K, used 178215K [0x00000000c0000000, 0x00000000cb580000, 0x00000000eab00000)
  object space 185856K, 95% used [0x00000000c0000000,0x00000000cae09f28,0x00000000cb580000)
 Metaspace       used 89506K, capacity 93614K, committed 94080K, reserved 1134592K
  class space    used 8010K, capacity 9518K, committed 9600K, reserved 1048576K
}
Event: 8840,959 GC heap before
{Heap before GC invocations=7605 (full 197):
 PSYoungGen      total 27136K, used 27112K [0x00000000eab00000, 0x00000000ed000000, 0x0000000100000000)
  eden space 25088K, 100% used [0x00000000eab00000,0x00000000ec380000,0x00000000ec380000)
  from space 2048K, 98% used [0x00000000ece00000,0x00000000ecffa000,0x00000000ed000000)
  to   space 2560K, 0% used [0x00000000ecb00000,0x00000000ecb00000,0x00000000ecd80000)
 ParOldGen       total 185856K, used 178215K [0x00000000c0000000, 0x00000000cb580000, 0x00000000eab00000)
  object space 185856K, 95% used [0x00000000c0000000,0x00000000cae09f28,0x00000000cb580000)
 Metaspace       used 89506K, capacity 93614K, committed 94080K, reserved 1134592K
  class space    used 8010K, capacity 9518K, committed 9600K, reserved 1048576K
}
Event: 8840,962 GC heap after
{Heap after GC invocations=7605 (full 197):
 PSYoungGen      total 27136K, used 2545K [0x00000000eab00000, 0x00000000ece80000, 0x0000000100000000)
  eden space 24576K, 0% used [0x00000000eab00000,0x00000000eab00000,0x00000000ec300000)
  from space 2560K, 99% used [0x00000000ecb00000,0x00000000ecd7c770,0x00000000ecd80000)
  to   space 1024K, 0% used [0x00000000ecd80000,0x00000000ecd80000,0x00000000ece80000)
 ParOldGen       total 185856K, used 179641K [0x00000000c0000000, 0x00000000cb580000, 0x00000000eab00000)
  object space 185856K, 96% used [0x00000000c0000000,0x00000000caf6e720,0x00000000cb580000)
 Metaspace       used 89506K, capacity 93614K, committed 94080K, reserved 1134592K
  class space    used 8010K, capacity 9518K, committed 9600K, reserved 1048576K
}
Event: 8840,998 GC heap before
{Heap before GC invocations=7606 (full 197):
 PSYoungGen      total 27136K, used 27121K [0x00000000eab00000, 0x00000000ece80000, 0x0000000100000000)
  eden space 24576K, 100% used [0x00000000eab00000,0x00000000ec300000,0x00000000ec300000)
  from space 2560K, 99% used [0x00000000ecb00000,0x00000000ecd7c770,0x00000000ecd80000)
  to   space 1024K, 0% used [0x00000000ecd80000,0x00000000ecd80000,0x00000000ece80000)
 ParOldGen       total 185856K, used 179641K [0x00000000c0000000, 0x00000000cb580000, 0x00000000eab00000)
  object space 185856K, 96% used [0x00000000c0000000,0x00000000caf6e720,0x00000000cb580000)
 Metaspace       used 89508K, capacity 93614K, committed 94080K, reserved 1134592K
  class space    used 8010K, capacity 9518K, committed 9600K, reserved 1048576K
}
Event: 8841,003 GC heap after
{Heap after GC invocations=7606 (full 197):
 PSYoungGen      total 25088K, used 1024K [0x00000000eab00000, 0x00000000ed180000, 0x0000000100000000)
  eden space 24064K, 0% used [0x00000000eab00000,0x00000000eab00000,0x00000000ec280000)
  from space 1024K, 100% used [0x00000000ecd80000,0x00000000ece80000,0x00000000ece80000)
  to   space 7680K, 0% used [0x00000000ec280000,0x00000000ec280000,0x00000000eca00000)
 ParOldGen       total 185856K, used 185312K [0x00000000c0000000, 0x00000000cb580000, 0x00000000eab00000)
  object space 185856K, 99% used [0x00000000c0000000,0x00000000cb4f8058,0x00000000cb580000)
 Metaspace       used 89508K, capacity 93614K, committed 94080K, reserved 1134592K
  class space    used 8010K, capacity 9518K, committed 9600K, reserved 1048576K
}
Event: 8841,003 GC heap before
{Heap before GC invocations=7607 (full 198):
 PSYoungGen      total 25088K, used 1024K [0x00000000eab00000, 0x00000000ed180000, 0x0000000100000000)
  eden space 24064K, 0% used [0x00000000eab00000,0x00000000eab00000,0x00000000ec280000)
  from space 1024K, 100% used [0x00000000ecd80000,0x00000000ece80000,0x00000000ece80000)
  to   space 7680K, 0% used [0x00000000ec280000,0x00000000ec280000,0x00000000eca00000)
 ParOldGen       total 185856K, used 185312K [0x00000000c0000000, 0x00000000cb580000, 0x00000000eab00000)
  object space 185856K, 99% used [0x00000000c0000000,0x00000000cb4f8058,0x00000000cb580000)
 Metaspace       used 89508K, capacity 93614K, committed 94080K, reserved 1134592K
  class space    used 8010K, capacity 9518K, committed 9600K, reserved 1048576K
}

Deoptimization events (20 events):
Event: 8814,066 Thread 0x00007f0404164000 DEOPT PACKING pc=0x00007f04758fc408 sp=0x00007f041553db00
Event: 8814,066 Thread 0x00007f0404164000 DEOPT UNPACKING pc=0x00007f046c9281a5 sp=0x00007f041553dac8 mode 2
Event: 8817,365 Thread 0x00007f0404164000 Uncommon trap: trap_request=0xffffffc6 fr.pc=0x00007f04758fc408 relative=0x0000000000000288
Event: 8817,365 Thread 0x00007f0404164000 Uncommon trap: reason=bimorphic_or_optimized_type_check action=maybe_recompile pc=0x00007f04758fc408 method=org.eclipse.text.edits.ReplaceEdit.performDocumentUpdating(Lorg/eclipse/jface/text/IDocument;)I @ 13 c2
Event: 8817,365 Thread 0x00007f0404164000 DEOPT PACKING pc=0x00007f04758fc408 sp=0x00007f041553daa0
Event: 8817,365 Thread 0x00007f0404164000 DEOPT UNPACKING pc=0x00007f046c9281a5 sp=0x00007f041553da68 mode 2
Event: 8817,369 Thread 0x00007f0404164000 Uncommon trap: trap_request=0xffffff4d fr.pc=0x00007f04759eee88 relative=0x0000000000000228
Event: 8817,369 Thread 0x00007f0404164000 Uncommon trap: reason=unstable_if action=reinterpret pc=0x00007f04759eee88 method=org.eclipse.jdt.internal.compiler.codegen.CodeStream.new_(Lorg/eclipse/jdt/internal/compiler/ast/TypeReference;Lorg/eclipse/jdt/internal/compiler/lookup/TypeBinding;)V @ 50 
Event: 8817,369 Thread 0x00007f0404164000 DEOPT PACKING pc=0x00007f04759eee88 sp=0x00007f041553da00
Event: 8817,369 Thread 0x00007f0404164000 DEOPT UNPACKING pc=0x00007f046c9281a5 sp=0x00007f041553d958 mode 2
Event: 8817,371 Thread 0x00007f0404164000 Uncommon trap: trap_request=0xffffffc6 fr.pc=0x00007f04758fc408 relative=0x0000000000000288
Event: 8817,371 Thread 0x00007f0404164000 Uncommon trap: reason=bimorphic_or_optimized_type_check action=maybe_recompile pc=0x00007f04758fc408 method=org.eclipse.text.edits.ReplaceEdit.performDocumentUpdating(Lorg/eclipse/jface/text/IDocument;)I @ 13 c2
Event: 8817,371 Thread 0x00007f0404164000 DEOPT PACKING pc=0x00007f04758fc408 sp=0x00007f041553db00
Event: 8817,371 Thread 0x00007f0404164000 DEOPT UNPACKING pc=0x00007f046c9281a5 sp=0x00007f041553dac8 mode 2
Event: 8821,080 Thread 0x00007f0404164000 DEOPT PACKING pc=0x00007f046fd4eaf6 sp=0x00007f041553df10
Event: 8821,080 Thread 0x00007f0404164000 DEOPT UNPACKING pc=0x00007f046c927fba sp=0x00007f041553d430 mode 0
Event: 8835,490 Thread 0x00007f040414d000 Uncommon trap: trap_request=0xffffffc6 fr.pc=0x00007f0475e87e78 relative=0x0000000000001618
Event: 8835,490 Thread 0x00007f040414d000 Uncommon trap: reason=bimorphic_or_optimized_type_check action=maybe_recompile pc=0x00007f0475e87e78 method=org.eclipse.jdt.core.dom.BindingComparator.isEqual(Lorg/eclipse/jdt/internal/compiler/lookup/TypeBinding;Lorg/eclipse/jdt/internal/compiler/lookup/
Event: 8835,490 Thread 0x00007f040414d000 DEOPT PACKING pc=0x00007f0475e87e78 sp=0x00007f0416040780
Event: 8835,490 Thread 0x00007f040414d000 DEOPT UNPACKING pc=0x00007f046c9281a5 sp=0x00007f04160406f8 mode 2

Classes redefined (0 events):
No events

Internal exceptions (20 events):
Event: 8644,858 Thread 0x00007f0404164000 Exception <a 'java/lang/ClassNotFoundException'{0x00000000eb05d688}: sun/net/www/protocol/jdt/Handler> (0x00000000eb05d688) thrown at [src/hotspot/share/classfile/systemDictionary.cpp, line 231]
Event: 8644,858 Thread 0x00007f0404164000 Exception <a 'java/lang/ClassNotFoundException'{0x00000000eb0603d0}: sun/net/www/protocol/jdt/Handler> (0x00000000eb0603d0) thrown at [src/hotspot/share/classfile/systemDictionary.cpp, line 231]
Event: 8644,858 Thread 0x00007f0404164000 Exception <a 'java/lang/ClassNotFoundException'{0x00000000eb064c60}: sun/net/www/protocol/jdt/Handler> (0x00000000eb064c60) thrown at [src/hotspot/share/classfile/systemDictionary.cpp, line 231]
Event: 8644,858 Thread 0x00007f0404164000 Exception <a 'java/lang/ClassNotFoundException'{0x00000000eb067ac8}: sun/net/www/protocol/jdt/Handler> (0x00000000eb067ac8) thrown at [src/hotspot/share/classfile/systemDictionary.cpp, line 231]
Event: 8644,858 Thread 0x00007f0404164000 Exception <a 'java/lang/ClassNotFoundException'{0x00000000eb06a950}: sun/net/www/protocol/jdt/Handler> (0x00000000eb06a950) thrown at [src/hotspot/share/classfile/systemDictionary.cpp, line 231]
Event: 8644,858 Thread 0x00007f0404164000 Exception <a 'java/lang/ClassNotFoundException'{0x00000000eb06d820}: sun/net/www/protocol/jdt/Handler> (0x00000000eb06d820) thrown at [src/hotspot/share/classfile/systemDictionary.cpp, line 231]
Event: 8644,859 Thread 0x00007f0404164000 Exception <a 'java/lang/ClassNotFoundException'{0x00000000eb070920}: sun/net/www/protocol/jdt/Handler> (0x00000000eb070920) thrown at [src/hotspot/share/classfile/systemDictionary.cpp, line 231]
Event: 8646,000 Thread 0x00007f0404163000 Exception <a 'java/lang/ClassNotFoundException'{0x00000000eab5d0c0}: sun/net/www/protocol/jdt/Handler> (0x00000000eab5d0c0) thrown at [src/hotspot/share/classfile/systemDictionary.cpp, line 231]
Event: 8646,000 Thread 0x00007f0404163000 Exception <a 'java/lang/ClassNotFoundException'{0x00000000eab5fda0}: sun/net/www/protocol/jdt/Handler> (0x00000000eab5fda0) thrown at [src/hotspot/share/classfile/systemDictionary.cpp, line 231]
Event: 8646,001 Thread 0x00007f0404163000 Exception <a 'java/lang/ClassNotFoundException'{0x00000000eab62f50}: sun/net/www/protocol/jdt/Handler> (0x00000000eab62f50) thrown at [src/hotspot/share/classfile/systemDictionary.cpp, line 231]
Event: 8646,001 Thread 0x00007f0404163000 Exception <a 'java/lang/ClassNotFoundException'{0x00000000eab65c98}: sun/net/www/protocol/jdt/Handler> (0x00000000eab65c98) thrown at [src/hotspot/share/classfile/systemDictionary.cpp, line 231]
Event: 8646,001 Thread 0x00007f0404163000 Exception <a 'java/lang/ClassNotFoundException'{0x00000000eab6a528}: sun/net/www/protocol/jdt/Handler> (0x00000000eab6a528) thrown at [src/hotspot/share/classfile/systemDictionary.cpp, line 231]
Event: 8646,001 Thread 0x00007f0404163000 Exception <a 'java/lang/ClassNotFoundException'{0x00000000eab6d390}: sun/net/www/protocol/jdt/Handler> (0x00000000eab6d390) thrown at [src/hotspot/share/classfile/systemDictionary.cpp, line 231]
Event: 8646,001 Thread 0x00007f0404163000 Exception <a 'java/lang/ClassNotFoundException'{0x00000000eab70218}: sun/net/www/protocol/jdt/Handler> (0x00000000eab70218) thrown at [src/hotspot/share/classfile/systemDictionary.cpp, line 231]
Event: 8646,001 Thread 0x00007f0404163000 Exception <a 'java/lang/ClassNotFoundException'{0x00000000eab730e8}: sun/net/www/protocol/jdt/Handler> (0x00000000eab730e8) thrown at [src/hotspot/share/classfile/systemDictionary.cpp, line 231]
Event: 8646,001 Thread 0x00007f0404163000 Exception <a 'java/lang/ClassNotFoundException'{0x00000000eab75f90}: sun/net/www/protocol/jdt/Handler> (0x00000000eab75f90) thrown at [src/hotspot/share/classfile/systemDictionary.cpp, line 231]
Event: 8667,047 Thread 0x00007f0404164000 Implicit null exception at 0x00007f0475518336 to 0x00007f047551a584
Event: 8705,154 Thread 0x00007f0404163000 Exception <a 'java/lang/ArrayIndexOutOfBoundsException'{0x00000000eac30170}> (0x00000000eac30170) thrown at [src/hotspot/share/runtime/sharedRuntime.cpp, line 584]
Event: 8764,226 Thread 0x00007f0404164000 Implicit null exception at 0x00007f0475f43575 to 0x00007f0475f43f64
Event: 8764,226 Thread 0x00007f0404164000 Implicit null exception at 0x00007f04745c23bc to 0x00007f04745c244c

Events (20 events):
Event: 8831,260 Executing VM operation: ParallelGCFailedAllocation done
Event: 8835,516 Executing VM operation: ParallelGCFailedAllocation
Event: 8835,518 Executing VM operation: ParallelGCFailedAllocation done
Event: 8836,305 Executing VM operation: RevokeBias
Event: 8836,305 Executing VM operation: RevokeBias done
Event: 8836,701 Executing VM operation: RevokeBias
Event: 8836,701 Executing VM operation: RevokeBias done
Event: 8836,739 Executing VM operation: ParallelGCFailedAllocation
Event: 8836,741 Executing VM operation: ParallelGCFailedAllocation done
Event: 8837,091 Executing VM operation: ParallelGCFailedAllocation
Event: 8837,094 Executing VM operation: ParallelGCFailedAllocation done
Event: 8837,393 Executing VM operation: RevokeBias
Event: 8837,394 Executing VM operation: RevokeBias done
Event: 8837,440 Executing VM operation: ParallelGCFailedAllocation
Event: 8837,442 Executing VM operation: ParallelGCFailedAllocation done
Event: 8840,923 Executing VM operation: ParallelGCFailedAllocation
Event: 8840,926 Executing VM operation: ParallelGCFailedAllocation done
Event: 8840,959 Executing VM operation: ParallelGCFailedAllocation
Event: 8840,962 Executing VM operation: ParallelGCFailedAllocation done
Event: 8840,998 Executing VM operation: ParallelGCFailedAllocation


Dynamic libraries:
c0000000-cb580000 rw-p 00000000 00:00 0 
cb580000-eab00000 ---p 00000000 00:00 0 
eab00000-ed180000 rw-p 00000000 00:00 0 
ed180000-100000000 ---p 00000000 00:00 0 
800000000-800002000 rwxp 00001000 08:05 3935412                          /usr/lib/jvm/java-11-openjdk-amd64/lib/server/classes.jsa
800002000-8010a3000 rw-p 00003000 08:05 3935412                          /usr/lib/jvm/java-11-openjdk-amd64/lib/server/classes.jsa
840000000-840960000 rw-p 00000000 00:00 0 
840960000-880000000 ---p 00000000 00:00 0 
563fca923000-563fca924000 r--p 00000000 08:05 3935841                    /usr/lib/jvm/java-11-openjdk-amd64/bin/java
563fca924000-563fca925000 r-xp 00001000 08:05 3935841                    /usr/lib/jvm/java-11-openjdk-amd64/bin/java
563fca925000-563fca926000 r--p 00002000 08:05 3935841                    /usr/lib/jvm/java-11-openjdk-amd64/bin/java
563fca926000-563fca927000 r--p 00002000 08:05 3935841                    /usr/lib/jvm/java-11-openjdk-amd64/bin/java
563fca927000-563fca928000 rw-p 00003000 08:05 3935841                    /usr/lib/jvm/java-11-openjdk-amd64/bin/java
563fcb0d4000-563fcb69f000 rw-p 00000000 00:00 0                          [heap]
7f03d0000000-7f03d07d7000 rw-p 00000000 00:00 0 
7f03d07d7000-7f03d4000000 ---p 00000000 00:00 0 
7f03d7902000-7f03e0000000 r--s 00000000 08:05 3935929                    /usr/lib/jvm/java-11-openjdk-amd64/lib/modules
7f03e0000000-7f03e0b1f000 rw-p 00000000 00:00 0 
7f03e0b1f000-7f03e4000000 ---p 00000000 00:00 0 
7f03e4000000-7f03e8000000 rw-p 00000000 00:00 0 
7f03e8000000-7f03e9bb3000 rw-p 00000000 00:00 0 
7f03e9bb3000-7f03ec000000 ---p 00000000 00:00 0 
7f03ec8ec000-7f03ec96c000 rw-p 00000000 00:00 0 
7f03ec96c000-7f03ecaf0000 ---p 00000000 00:00 0 
7f03ecaf0000-7f03ecded000 rw-p 00000000 00:00 0 
7f03ecded000-7f03ecfed000 rw-p 00000000 00:00 0 
7f03ecfed000-7f03ed1ed000 rw-p 00000000 00:00 0 
7f03ed1ed000-7f03ed3ed000 rw-p 00000000 00:00 0 
7f03ed3ed000-7f03ed5ed000 rw-p 00000000 00:00 0 
7f03ed5ed000-7f03ed7ed000 rw-p 00000000 00:00 0 
7f03ed7ed000-7f03ed9ed000 rw-p 00000000 00:00 0 
7f03ed9ed000-7f03ed9f1000 ---p 00000000 00:00 0 
7f03ed9f1000-7f03edaee000 rw-p 00000000 00:00 0 
7f03edaee000-7f03edaf2000 ---p 00000000 00:00 0 
7f03edaf2000-7f03edbef000 rw-p 00000000 00:00 0 
7f03edbef000-7f03edbf3000 ---p 00000000 00:00 0 
7f03edbf3000-7f03edcf0000 rw-p 00000000 00:00 0 
7f03edcf0000-7f03edcf4000 ---p 00000000 00:00 0 
7f03edcf4000-7f03eddf1000 rw-p 00000000 00:00 0 
7f03eddf1000-7f03eddf5000 ---p 00000000 00:00 0 
7f03eddf5000-7f03edef2000 rw-p 00000000 00:00 0 
7f03edef2000-7f03edef6000 ---p 00000000 00:00 0 
7f03edef6000-7f03edff3000 rw-p 00000000 00:00 0 
7f03edff3000-7f03edff7000 ---p 00000000 00:00 0 
7f03edff7000-7f03ee0f4000 rw-p 00000000 00:00 0 
7f03ee0f4000-7f03ee0f8000 ---p 00000000 00:00 0 
7f03ee0f8000-7f03ee1f5000 rw-p 00000000 00:00 0 
7f03ee1f5000-7f03ee1f9000 ---p 00000000 00:00 0 
7f03ee1f9000-7f03ee2f6000 rw-p 00000000 00:00 0 
7f03ee2f6000-7f03ee2fa000 ---p 00000000 00:00 0 
7f03ee2fa000-7f03ee3f7000 rw-p 00000000 00:00 0 
7f03ee3f7000-7f03ee3fb000 ---p 00000000 00:00 0 
7f03ee3fb000-7f03ee4f8000 rw-p 00000000 00:00 0 
7f03ee4f8000-7f03ee4fc000 ---p 00000000 00:00 0 
7f03ee4fc000-7f03ee7f9000 rw-p 00000000 00:00 0 
7f03ee7f9000-7f03ee7fd000 ---p 00000000 00:00 0 
7f03ee7fd000-7f03ee8fa000 rw-p 00000000 00:00 0 
7f03ee8fa000-7f03ee8fe000 ---p 00000000 00:00 0 
7f03ee8fe000-7f03eebfb000 rw-p 00000000 00:00 0 
7f03eebfb000-7f03eedfb000 rw-p 00000000 00:00 0 
7f03eedfb000-7f03eeffb000 rw-p 00000000 00:00 0 
7f03eeffb000-7f03eefff000 ---p 00000000 00:00 0 
7f03eefff000-7f03ef0fc000 rw-p 00000000 00:00 0 
7f03ef0fc000-7f03ef100000 ---p 00000000 00:00 0 
7f03ef100000-7f03ef1fd000 rw-p 00000000 00:00 0 
7f03ef1fd000-7f03ef201000 ---p 00000000 00:00 0 
7f03ef201000-7f03ef2fe000 rw-p 00000000 00:00 0 
7f03ef2fe000-7f03ef302000 ---p 00000000 00:00 0 
7f03ef302000-7f03ef3ff000 rw-p 00000000 00:00 0 
7f03ef3ff000-7f03ef403000 ---p 00000000 00:00 0 
7f03ef403000-7f03ef500000 rw-p 00000000 00:00 0 
7f03ef500000-7f03ef504000 ---p 00000000 00:00 0 
7f03ef504000-7f03ef601000 rw-p 00000000 00:00 0 
7f03ef601000-7f03ef605000 ---p 00000000 00:00 0 
7f03ef605000-7f03ef902000 rw-p 00000000 00:00 0 
7f03ef902000-7f03f8000000 r--s 00000000 08:05 3935929                    /usr/lib/jvm/java-11-openjdk-amd64/lib/modules
7f03f8000000-7f03f84ae000 rw-p 00000000 00:00 0 
7f03f84ae000-7f03fc000000 ---p 00000000 00:00 0 
7f03fc000000-7f03fd29a000 rw-p 00000000 00:00 0 
7f03fd29a000-7f0400000000 ---p 00000000 00:00 0 
7f0400000000-7f0401205000 rw-p 00000000 00:00 0 
7f0401205000-7f0404000000 ---p 00000000 00:00 0 
7f0404000000-7f04044bf000 rw-p 00000000 00:00 0 
7f04044bf000-7f0408000000 ---p 00000000 00:00 0 
7f0408000000-7f040ab00000 rw-p 00000000 00:00 0 
7f040ab00000-7f040c000000 ---p 00000000 00:00 0 
7f040c000000-7f040d118000 rw-p 00000000 00:00 0 
7f040d118000-7f0410000000 ---p 00000000 00:00 0 
7f0410000000-7f0410ff0000 rw-p 00000000 00:00 0 
7f0410ff0000-7f0414000000 ---p 00000000 00:00 0 
7f041403b000-7f041403f000 ---p 00000000 00:00 0 
7f041403f000-7f041413c000 rw-p 00000000 00:00 0 
7f041413c000-7f0414140000 ---p 00000000 00:00 0 
7f0414140000-7f041443d000 rw-p 00000000 00:00 0 
7f041443d000-7f041463d000 rw-p 00000000 00:00 0 
7f041463d000-7f041483d000 rw-p 00000000 00:00 0 
7f041483d000-7f0414a3d000 rw-p 00000000 00:00 0 
7f0414a3d000-7f0414c3d000 rw-p 00000000 00:00 0 
7f0414c3d000-7f0414e3d000 rw-p 00000000 00:00 0 
7f0414e3d000-7f041503d000 rw-p 00000000 00:00 0 
7f041503d000-7f041523d000 rw-p 00000000 00:00 0 
7f041523d000-7f0415241000 ---p 00000000 00:00 0 
7f0415241000-7f041533e000 rw-p 00000000 00:00 0 
7f041533e000-7f0415342000 ---p 00000000 00:00 0 
7f0415342000-7f041543f000 rw-p 00000000 00:00 0 
7f041543f000-7f0415443000 ---p 00000000 00:00 0 
7f0415443000-7f0415540000 rw-p 00000000 00:00 0 
7f0415540000-7f0415544000 ---p 00000000 00:00 0 
7f0415544000-7f0415841000 rw-p 00000000 00:00 0 
7f0415841000-7f0415a41000 rw-p 00000000 00:00 0 
7f0415a41000-7f0415c41000 rw-p 00000000 00:00 0 
7f0415c41000-7f0415e41000 rw-p 00000000 00:00 0 
7f0415e41000-7f0415e45000 ---p 00000000 00:00 0 
7f0415e45000-7f0415f42000 rw-p 00000000 00:00 0 
7f0415f42000-7f0415f46000 ---p 00000000 00:00 0 
7f0415f46000-7f0416243000 rw-p 00000000 00:00 0 
7f0416243000-7f0416443000 rw-p 00000000 00:00 0 
7f0416443000-7f0416447000 ---p 00000000 00:00 0 
7f0416447000-7f0416544000 rw-p 00000000 00:00 0 
7f0416544000-7f0416548000 ---p 00000000 00:00 0 
7f0416548000-7f0416845000 rw-p 00000000 00:00 0 
7f0416845000-7f0416a45000 rw-p 00000000 00:00 0 
7f0416a45000-7f0416a49000 ---p 00000000 00:00 0 
7f0416a49000-7f0416b46000 rw-p 00000000 00:00 0 
7f0416bfc000-7f0416c00000 ---p 00000000 00:00 0 
7f0416c00000-7f0416efd000 rw-p 00000000 00:00 0 
7f0416efd000-7f04170fd000 rw-p 00000000 00:00 0 
7f04170fd000-7f04172fd000 rw-p 00000000 00:00 0 
7f04172fd000-7f04174fd000 rw-p 00000000 00:00 0 
7f04174fd000-7f04176fd000 rw-p 00000000 00:00 0 
7f04176fd000-7f0417701000 ---p 00000000 00:00 0 
7f0417701000-7f04179fe000 rw-p 00000000 00:00 0 
7f04179fe000-7f0417a02000 ---p 00000000 00:00 0 
7f0417a02000-7f0417cff000 rw-p 00000000 00:00 0 
7f0417cff000-7f0417d03000 ---p 00000000 00:00 0 
7f0417d03000-7f0418000000 rw-p 00000000 00:00 0 
7f0418000000-7f0418fff000 rw-p 00000000 00:00 0 
7f0418fff000-7f041c000000 ---p 00000000 00:00 0 
7f041c000000-7f041e42f000 rw-p 00000000 00:00 0 
7f041e42f000-7f0420000000 ---p 00000000 00:00 0 
7f0420000000-7f04223d9000 rw-p 00000000 00:00 0 
7f04223d9000-7f0424000000 ---p 00000000 00:00 0 
7f0424000000-7f042432a000 rw-p 00000000 00:00 0 
7f042432a000-7f0428000000 ---p 00000000 00:00 0 
7f0428000000-7f0428359000 rw-p 00000000 00:00 0 
7f0428359000-7f042c000000 ---p 00000000 00:00 0 
7f042c000000-7f042d470000 rw-p 00000000 00:00 0 
7f042d470000-7f0430000000 ---p 00000000 00:00 0 
7f0430000000-7f04315c0000 rw-p 00000000 00:00 0 
7f04315c0000-7f0434000000 ---p 00000000 00:00 0 
7f0434000000-7f04376df000 rw-p 00000000 00:00 0 
7f04376df000-7f0438000000 ---p 00000000 00:00 0 
7f0438000000-7f0438a15000 rw-p 00000000 00:00 0 
7f0438a15000-7f043c000000 ---p 00000000 00:00 0 
7f043c000000-7f043ddb3000 rw-p 00000000 00:00 0 
7f043ddb3000-7f0440000000 ---p 00000000 00:00 0 
7f0440000000-7f044073c000 rw-p 00000000 00:00 0 
7f044073c000-7f0444000000 ---p 00000000 00:00 0 
7f0444000000-7f044464a000 rw-p 00000000 00:00 0 
7f044464a000-7f0448000000 ---p 00000000 00:00 0 
7f0448000000-7f044b446000 rw-p 00000000 00:00 0 
7f044b446000-7f044c000000 ---p 00000000 00:00 0 
7f044c000000-7f044ddbb000 rw-p 00000000 00:00 0 
7f044ddbb000-7f0450000000 ---p 00000000 00:00 0 
7f0450000000-7f0450021000 rw-p 00000000 00:00 0 
7f0450021000-7f0454000000 ---p 00000000 00:00 0 
7f0454000000-7f0457ffe000 rw-p 00000000 00:00 0 
7f0457ffe000-7f0458000000 ---p 00000000 00:00 0 
7f0458000000-7f045929f000 rw-p 00000000 00:00 0 
7f045929f000-7f045c000000 ---p 00000000 00:00 0 
7f045c000000-7f045c35b000 rw-p 00000000 00:00 0 
7f045c35b000-7f0460000000 ---p 00000000 00:00 0 
7f0460000000-7f0460eaf000 rw-p 00000000 00:00 0 
7f0460eaf000-7f0464000000 ---p 00000000 00:00 0 
7f0464063000-7f0464067000 ---p 00000000 00:00 0 
7f0464067000-7f0464364000 rw-p 00000000 00:00 0 
7f0464364000-7f0464365000 ---p 00000000 00:00 0 
7f0464365000-7f0464466000 rw-p 00000000 00:00 0 
7f0464466000-7f0464467000 ---p 00000000 00:00 0 
7f0464467000-7f0464568000 rw-p 00000000 00:00 0 
7f0464568000-7f0464578000 r-xp 00000000 08:05 6163045                    /root/.config/Code/User/globalStorage/redhat.java/0.65.0/config_linux/org.eclipse.equinox.launcher/org.eclipse.equinox.launcher.gtk.linux.x86_64_1.1.1200.v20200508-1552/eclipse_1801.so
7f0464578000-7f0464777000 ---p 00010000 08:05 6163045                    /root/.config/Code/User/globalStorage/redhat.java/0.65.0/config_linux/org.eclipse.equinox.launcher/org.eclipse.equinox.launcher.gtk.linux.x86_64_1.1.1200.v20200508-1552/eclipse_1801.so
7f0464777000-7f0464778000 r--p 0000f000 08:05 6163045                    /root/.config/Code/User/globalStorage/redhat.java/0.65.0/config_linux/org.eclipse.equinox.launcher/org.eclipse.equinox.launcher.gtk.linux.x86_64_1.1.1200.v20200508-1552/eclipse_1801.so
7f0464778000-7f0464779000 rw-p 00010000 08:05 6163045                    /root/.config/Code/User/globalStorage/redhat.java/0.65.0/config_linux/org.eclipse.equinox.launcher/org.eclipse.equinox.launcher.gtk.linux.x86_64_1.1.1200.v20200508-1552/eclipse_1801.so
7f0464779000-7f046477d000 ---p 00000000 00:00 0 
7f046477d000-7f046487a000 rw-p 00000000 00:00 0 
7f046487a000-7f046487e000 ---p 00000000 00:00 0 
7f046487e000-7f046497b000 rw-p 00000000 00:00 0 
7f046497b000-7f046497f000 ---p 00000000 00:00 0 
7f046497f000-7f0464a7c000 rw-p 00000000 00:00 0 
7f0464a7c000-7f0464a7d000 ---p 00000000 00:00 0 
7f0464a7d000-7f0464b7e000 rw-p 00000000 00:00 0 
7f0464b7e000-7f0464b82000 ---p 00000000 00:00 0 
7f0464b82000-7f0464c7f000 rw-p 00000000 00:00 0 
7f0464c7f000-7f0464c80000 ---p 00000000 00:00 0 
7f0464c80000-7f0464d81000 rw-p 00000000 00:00 0 
7f0464d81000-7f0464d85000 ---p 00000000 00:00 0 
7f0464d85000-7f0464e82000 rw-p 00000000 00:00 0 
7f0464e82000-7f0464e86000 ---p 00000000 00:00 0 
7f0464e86000-7f0464f83000 rw-p 00000000 00:00 0 
7f0464f83000-7f0464f87000 ---p 00000000 00:00 0 
7f0464f87000-7f0465084000 rw-p 00000000 00:00 0 
7f0465084000-7f0465088000 ---p 00000000 00:00 0 
7f0465088000-7f0465185000 rw-p 00000000 00:00 0 
7f0465185000-7f0465189000 ---p 00000000 00:00 0 
7f0465189000-7f0465286000 rw-p 00000000 00:00 0 
7f0465286000-7f046528a000 ---p 00000000 00:00 0 
7f046528a000-7f0465387000 rw-p 00000000 00:00 0 
7f0465387000-7f04658f8000 r--p 00000000 08:05 3807799                    /usr/lib/locale/locale-archive
7f04658f8000-7f04658fc000 ---p 00000000 00:00 0 
7f04658fc000-7f04659f9000 rw-p 00000000 00:00 0 
7f04659f9000-7f04659fd000 ---p 00000000 00:00 0 
7f04659fd000-7f0465afa000 rw-p 00000000 00:00 0 
7f0465afa000-7f0465afb000 ---p 00000000 00:00 0 
7f0465afb000-7f0468000000 rw-p 00000000 00:00 0 
7f0468000000-7f046849d000 rw-p 00000000 00:00 0 
7f046849d000-7f046c000000 ---p 00000000 00:00 0 
7f046c0a3000-7f046c0a5000 r--p 00000000 08:05 3809902                    /usr/lib/x86_64-linux-gnu/libnss_dns-2.31.so
7f046c0a5000-7f046c0a9000 r-xp 00002000 08:05 3809902                    /usr/lib/x86_64-linux-gnu/libnss_dns-2.31.so
7f046c0a9000-7f046c0aa000 r--p 00006000 08:05 3809902                    /usr/lib/x86_64-linux-gnu/libnss_dns-2.31.so
7f046c0aa000-7f046c0ab000 r--p 00006000 08:05 3809902                    /usr/lib/x86_64-linux-gnu/libnss_dns-2.31.so
7f046c0ab000-7f046c0ac000 rw-p 00007000 08:05 3809902                    /usr/lib/x86_64-linux-gnu/libnss_dns-2.31.so
7f046c0ac000-7f046c0b0000 r--p 00000000 08:05 3810135                    /usr/lib/x86_64-linux-gnu/libresolv-2.31.so
7f046c0b0000-7f046c0c0000 r-xp 00004000 08:05 3810135                    /usr/lib/x86_64-linux-gnu/libresolv-2.31.so
7f046c0c0000-7f046c0c3000 r--p 00014000 08:05 3810135                    /usr/lib/x86_64-linux-gnu/libresolv-2.31.so
7f046c0c3000-7f046c0c4000 ---p 00017000 08:05 3810135                    /usr/lib/x86_64-linux-gnu/libresolv-2.31.so
7f046c0c4000-7f046c0c5000 r--p 00017000 08:05 3810135                    /usr/lib/x86_64-linux-gnu/libresolv-2.31.so
7f046c0c5000-7f046c0c6000 rw-p 00018000 08:05 3810135                    /usr/lib/x86_64-linux-gnu/libresolv-2.31.so
7f046c0c6000-7f046c0c8000 rw-p 00000000 00:00 0 
7f046c0c8000-7f046c0d0000 r--p 00000000 08:05 3935925                    /usr/lib/jvm/java-11-openjdk-amd64/lib/libsunec.so
7f046c0d0000-7f046c0e9000 r-xp 00008000 08:05 3935925                    /usr/lib/jvm/java-11-openjdk-amd64/lib/libsunec.so
7f046c0e9000-7f046c0f3000 r--p 00021000 08:05 3935925                    /usr/lib/jvm/java-11-openjdk-amd64/lib/libsunec.so
7f046c0f3000-7f046c0f4000 ---p 0002b000 08:05 3935925                    /usr/lib/jvm/java-11-openjdk-amd64/lib/libsunec.so
7f046c0f4000-7f046c0f8000 r--p 0002b000 08:05 3935925                    /usr/lib/jvm/java-11-openjdk-amd64/lib/libsunec.so
7f046c0f8000-7f046c0fa000 rw-p 0002f000 08:05 3935925                    /usr/lib/jvm/java-11-openjdk-amd64/lib/libsunec.so
7f046c0fa000-7f046c902000 rw-p 00000000 00:00 0 
7f046c902000-7f046cb72000 rwxp 00000000 00:00 0 
7f046cb72000-7f046ce92000 ---p 00000000 00:00 0 
7f046ce92000-7f04701c2000 rwxp 00000000 00:00 0 
7f04701c2000-7f04743ca000 ---p 00000000 00:00 0 
7f04743ca000-7f047600a000 rwxp 00000000 00:00 0 
7f047600a000-7f047b902000 ---p 00000000 00:00 0 
7f047b902000-7f0484000000 r--s 00000000 08:05 3935929                    /usr/lib/jvm/java-11-openjdk-amd64/lib/modules
7f0484000000-7f0485199000 rw-p 00000000 00:00 0 
7f0485199000-7f0488000000 ---p 00000000 00:00 0 
7f0488004000-7f0488005000 r--p 00000000 08:05 3809910                    /usr/lib/x86_64-linux-gnu/libnss_mdns4_minimal.so.2
7f0488005000-7f0488007000 r-xp 00001000 08:05 3809910                    /usr/lib/x86_64-linux-gnu/libnss_mdns4_minimal.so.2
7f0488007000-7f0488008000 r--p 00003000 08:05 3809910                    /usr/lib/x86_64-linux-gnu/libnss_mdns4_minimal.so.2
7f0488008000-7f0488009000 r--p 00003000 08:05 3809910                    /usr/lib/x86_64-linux-gnu/libnss_mdns4_minimal.so.2
7f0488009000-7f048800a000 rw-p 00004000 08:05 3809910                    /usr/lib/x86_64-linux-gnu/libnss_mdns4_minimal.so.2
7f0488026000-7f048802a000 ---p 00000000 00:00 0 
7f048802a000-7f0488048000 rw-p 00000000 00:00 0 
7f0488048000-7f048804c000 r--p 00000000 08:05 3935919                    /usr/lib/jvm/java-11-openjdk-amd64/lib/libnet.so
7f048804c000-7f048805b000 r-xp 00004000 08:05 3935919                    /usr/lib/jvm/java-11-openjdk-amd64/lib/libnet.so
7f048805b000-7f048805f000 r--p 00013000 08:05 3935919                    /usr/lib/jvm/java-11-openjdk-amd64/lib/libnet.so
7f048805f000-7f0488060000 r--p 00016000 08:05 3935919                    /usr/lib/jvm/java-11-openjdk-amd64/lib/libnet.so
7f0488060000-7f0488061000 rw-p 00017000 08:05 3935919                    /usr/lib/jvm/java-11-openjdk-amd64/lib/libnet.so
7f0488061000-7f0488068000 r--p 00000000 08:05 3935920                    /usr/lib/jvm/java-11-openjdk-amd64/lib/libnio.so
7f0488068000-7f0488070000 r-xp 00007000 08:05 3935920                    /usr/lib/jvm/java-11-openjdk-amd64/lib/libnio.so
7f0488070000-7f0488073000 r--p 0000f000 08:05 3935920                    /usr/lib/jvm/java-11-openjdk-amd64/lib/libnio.so
7f0488073000-7f0488074000 r--p 00011000 08:05 3935920                    /usr/lib/jvm/java-11-openjdk-amd64/lib/libnio.so
7f0488074000-7f0488075000 rw-p 00012000 08:05 3935920                    /usr/lib/jvm/java-11-openjdk-amd64/lib/libnio.so
7f0488075000-7f0488e68000 rw-p 00000000 00:00 0 
7f0488e68000-7f0488e69000 ---p 00000000 00:00 0 
7f0488e69000-7f0488fc5000 rw-p 00000000 00:00 0 
7f0488fc5000-7f04890c0000 ---p 00000000 00:00 0 
7f04890c0000-7f048911b000 rw-p 00000000 00:00 0 
7f048911b000-7f0489215000 ---p 00000000 00:00 0 
7f0489215000-7f0489229000 rw-p 00000000 00:00 0 
7f0489229000-7f04892c0000 ---p 00000000 00:00 0 
7f04892c0000-7f04892fa000 rw-p 00000000 00:00 0 
7f04892fa000-7f04893ac000 ---p 00000000 00:00 0 
7f04893ac000-7f0489413000 rw-p 00000000 00:00 0 
7f0489413000-7f0489497000 ---p 00000000 00:00 0 
7f0489497000-7f048949c000 rw-p 00000000 00:00 0 
7f048949c000-7f04894a3000 ---p 00000000 00:00 0 
7f04894a3000-7f04894a6000 r--p 00000000 08:05 3809904                    /usr/lib/x86_64-linux-gnu/libnss_files-2.31.so
7f04894a6000-7f04894ad000 r-xp 00003000 08:05 3809904                    /usr/lib/x86_64-linux-gnu/libnss_files-2.31.so
7f04894ad000-7f04894af000 r--p 0000a000 08:05 3809904                    /usr/lib/x86_64-linux-gnu/libnss_files-2.31.so
7f04894af000-7f04894b0000 r--p 0000b000 08:05 3809904                    /usr/lib/x86_64-linux-gnu/libnss_files-2.31.so
7f04894b0000-7f04894b1000 rw-p 0000c000 08:05 3809904                    /usr/lib/x86_64-linux-gnu/libnss_files-2.31.so
7f04894b1000-7f04894b7000 rw-p 00000000 00:00 0 
7f04894ba000-7f04894bb000 r--p 00000000 08:05 3935900                    /usr/lib/jvm/java-11-openjdk-amd64/lib/libextnet.so
7f04894bb000-7f04894bc000 r-xp 00001000 08:05 3935900                    /usr/lib/jvm/java-11-openjdk-amd64/lib/libextnet.so
7f04894bc000-7f04894bd000 r--p 00002000 08:05 3935900                    /usr/lib/jvm/java-11-openjdk-amd64/lib/libextnet.so
7f04894bd000-7f04894be000 r--p 00002000 08:05 3935900                    /usr/lib/jvm/java-11-openjdk-amd64/lib/libextnet.so
7f04894be000-7f04894bf000 rw-p 00003000 08:05 3935900                    /usr/lib/jvm/java-11-openjdk-amd64/lib/libextnet.so
7f04894bf000-7f04894c1000 r--s 0000c000 08:05 4459478                    /usr/share/java/java-atk-wrapper.jar
7f04894c1000-7f04894c3000 r--p 00000000 08:05 3935928                    /usr/lib/jvm/java-11-openjdk-amd64/lib/libzip.so
7f04894c3000-7f04894c7000 r-xp 00002000 08:05 3935928                    /usr/lib/jvm/java-11-openjdk-amd64/lib/libzip.so
7f04894c7000-7f04894c9000 r--p 00006000 08:05 3935928                    /usr/lib/jvm/java-11-openjdk-amd64/lib/libzip.so
7f04894c9000-7f04894ca000 r--p 00007000 08:05 3935928                    /usr/lib/jvm/java-11-openjdk-amd64/lib/libzip.so
7f04894ca000-7f04894cb000 rw-p 00008000 08:05 3935928                    /usr/lib/jvm/java-11-openjdk-amd64/lib/libzip.so
7f04894cb000-7f04894d3000 rw-s 00000000 08:05 4588459                    /tmp/hsperfdata_root/31050
7f04894d3000-7f04894d5000 r--p 00000000 08:05 3935902                    /usr/lib/jvm/java-11-openjdk-amd64/lib/libinstrument.so
7f04894d5000-7f04894db000 r-xp 00002000 08:05 3935902                    /usr/lib/jvm/java-11-openjdk-amd64/lib/libinstrument.so
7f04894db000-7f04894de000 r--p 00008000 08:05 3935902                    /usr/lib/jvm/java-11-openjdk-amd64/lib/libinstrument.so
7f04894de000-7f04894df000 r--p 0000a000 08:05 3935902                    /usr/lib/jvm/java-11-openjdk-amd64/lib/libinstrument.so
7f04894df000-7f04894e0000 rw-p 0000b000 08:05 3935902                    /usr/lib/jvm/java-11-openjdk-amd64/lib/libinstrument.so
7f04894e0000-7f04894e1000 ---p 00000000 00:00 0 
7f04894e1000-7f04894e2000 r--p 00000000 00:00 0 
7f04894e2000-7f04894f0000 r--p 00000000 08:05 3935907                    /usr/lib/jvm/java-11-openjdk-amd64/lib/libjava.so
7f04894f0000-7f0489506000 r-xp 0000e000 08:05 3935907                    /usr/lib/jvm/java-11-openjdk-amd64/lib/libjava.so
7f0489506000-7f048950d000 r--p 00024000 08:05 3935907                    /usr/lib/jvm/java-11-openjdk-amd64/lib/libjava.so
7f048950d000-7f048950e000 r--p 0002a000 08:05 3935907                    /usr/lib/jvm/java-11-openjdk-amd64/lib/libjava.so
7f048950e000-7f048950f000 rw-p 0002b000 08:05 3935907                    /usr/lib/jvm/java-11-openjdk-amd64/lib/libjava.so
7f048950f000-7f0489510000 rw-p 00000000 00:00 0 
7f0489510000-7f0489513000 r--p 00000000 08:05 3810151                    /usr/lib/x86_64-linux-gnu/librt-2.31.so
7f0489513000-7f0489517000 r-xp 00003000 08:05 3810151                    /usr/lib/x86_64-linux-gnu/librt-2.31.so
7f0489517000-7f0489518000 r--p 00007000 08:05 3810151                    /usr/lib/x86_64-linux-gnu/librt-2.31.so
7f0489518000-7f0489519000 ---p 00008000 08:05 3810151                    /usr/lib/x86_64-linux-gnu/librt-2.31.so
7f0489519000-7f048951a000 r--p 00008000 08:05 3810151                    /usr/lib/x86_64-linux-gnu/librt-2.31.so
7f048951a000-7f048951b000 rw-p 00009000 08:05 3810151                    /usr/lib/x86_64-linux-gnu/librt-2.31.so
7f048951b000-7f048951f000 ---p 00000000 00:00 0 
7f048951f000-7f048961c000 rw-p 00000000 00:00 0 
7f048961c000-7f048961f000 r--p 00000000 08:05 3809401                    /usr/lib/x86_64-linux-gnu/libgcc_s.so.1
7f048961f000-7f0489631000 r-xp 00003000 08:05 3809401                    /usr/lib/x86_64-linux-gnu/libgcc_s.so.1
7f0489631000-7f0489635000 r--p 00015000 08:05 3809401                    /usr/lib/x86_64-linux-gnu/libgcc_s.so.1
7f0489635000-7f0489636000 r--p 00018000 08:05 3809401                    /usr/lib/x86_64-linux-gnu/libgcc_s.so.1
7f0489636000-7f0489637000 rw-p 00019000 08:05 3809401                    /usr/lib/x86_64-linux-gnu/libgcc_s.so.1
7f0489637000-7f0489646000 r--p 00000000 08:05 3809761                    /usr/lib/x86_64-linux-gnu/libm-2.31.so
7f0489646000-7f04896ed000 r-xp 0000f000 08:05 3809761                    /usr/lib/x86_64-linux-gnu/libm-2.31.so
7f04896ed000-7f0489784000 r--p 000b6000 08:05 3809761                    /usr/lib/x86_64-linux-gnu/libm-2.31.so
7f0489784000-7f0489785000 r--p 0014c000 08:05 3809761                    /usr/lib/x86_64-linux-gnu/libm-2.31.so
7f0489785000-7f0489786000 rw-p 0014d000 08:05 3809761                    /usr/lib/x86_64-linux-gnu/libm-2.31.so
7f0489786000-7f048981c000 r--p 00000000 08:05 3810269                    /usr/lib/x86_64-linux-gnu/libstdc++.so.6.0.28
7f048981c000-7f048990c000 r-xp 00096000 08:05 3810269                    /usr/lib/x86_64-linux-gnu/libstdc++.so.6.0.28
7f048990c000-7f0489955000 r--p 00186000 08:05 3810269                    /usr/lib/x86_64-linux-gnu/libstdc++.so.6.0.28
7f0489955000-7f0489956000 ---p 001cf000 08:05 3810269                    /usr/lib/x86_64-linux-gnu/libstdc++.so.6.0.28
7f0489956000-7f0489961000 r--p 001cf000 08:05 3810269                    /usr/lib/x86_64-linux-gnu/libstdc++.so.6.0.28
7f0489961000-7f0489964000 rw-p 001da000 08:05 3810269                    /usr/lib/x86_64-linux-gnu/libstdc++.so.6.0.28
7f0489964000-7f0489967000 rw-p 00000000 00:00 0 
7f0489967000-7f0489bd4000 r--p 00000000 08:05 3935932                    /usr/lib/jvm/java-11-openjdk-amd64/lib/server/libjvm.so
7f0489bd4000-7f048a768000 r-xp 0026d000 08:05 3935932                    /usr/lib/jvm/java-11-openjdk-amd64/lib/server/libjvm.so
7f048a768000-7f048a99f000 r--p 00e01000 08:05 3935932                    /usr/lib/jvm/java-11-openjdk-amd64/lib/server/libjvm.so
7f048a99f000-7f048aa5c000 r--p 01037000 08:05 3935932                    /usr/lib/jvm/java-11-openjdk-amd64/lib/server/libjvm.so
7f048aa5c000-7f048aa95000 rw-p 010f4000 08:05 3935932                    /usr/lib/jvm/java-11-openjdk-amd64/lib/server/libjvm.so
7f048aa95000-7f048aaee000 rw-p 00000000 00:00 0 
7f048aaee000-7f048aaf5000 r--p 00000000 08:05 3810084                    /usr/lib/x86_64-linux-gnu/libpthread-2.31.so
7f048aaf5000-7f048ab06000 r-xp 00007000 08:05 3810084                    /usr/lib/x86_64-linux-gnu/libpthread-2.31.so
7f048ab06000-7f048ab0b000 r--p 00018000 08:05 3810084                    /usr/lib/x86_64-linux-gnu/libpthread-2.31.so
7f048ab0b000-7f048ab0c000 r--p 0001c000 08:05 3810084                    /usr/lib/x86_64-linux-gnu/libpthread-2.31.so
7f048ab0c000-7f048ab0d000 rw-p 0001d000 08:05 3810084                    /usr/lib/x86_64-linux-gnu/libpthread-2.31.so
7f048ab0d000-7f048ab11000 rw-p 00000000 00:00 0 
7f048ab11000-7f048ab12000 r--p 00000000 08:05 3809227                    /usr/lib/x86_64-linux-gnu/libdl-2.31.so
7f048ab12000-7f048ab14000 r-xp 00001000 08:05 3809227                    /usr/lib/x86_64-linux-gnu/libdl-2.31.so
7f048ab14000-7f048ab15000 r--p 00003000 08:05 3809227                    /usr/lib/x86_64-linux-gnu/libdl-2.31.so
7f048ab15000-7f048ab16000 r--p 00003000 08:05 3809227                    /usr/lib/x86_64-linux-gnu/libdl-2.31.so
7f048ab16000-7f048ab17000 rw-p 00004000 08:05 3809227                    /usr/lib/x86_64-linux-gnu/libdl-2.31.so
7f048ab17000-7f048ab19000 r--p 00000000 08:05 3810547                    /usr/lib/x86_64-linux-gnu/libz.so.1.2.11
7f048ab19000-7f048ab2a000 r-xp 00002000 08:05 3810547                    /usr/lib/x86_64-linux-gnu/libz.so.1.2.11
7f048ab2a000-7f048ab30000 r--p 00013000 08:05 3810547                    /usr/lib/x86_64-linux-gnu/libz.so.1.2.11
7f048ab30000-7f048ab31000 ---p 00019000 08:05 3810547                    /usr/lib/x86_64-linux-gnu/libz.so.1.2.11
7f048ab31000-7f048ab32000 r--p 00019000 08:05 3810547                    /usr/lib/x86_64-linux-gnu/libz.so.1.2.11
7f048ab32000-7f048ab33000 rw-p 0001a000 08:05 3810547                    /usr/lib/x86_64-linux-gnu/libz.so.1.2.11
7f048ab33000-7f048ab58000 r--p 00000000 08:05 3809111                    /usr/lib/x86_64-linux-gnu/libc-2.31.so
7f048ab58000-7f048acd0000 r-xp 00025000 08:05 3809111                    /usr/lib/x86_64-linux-gnu/libc-2.31.so
7f048acd0000-7f048ad1a000 r--p 0019d000 08:05 3809111                    /usr/lib/x86_64-linux-gnu/libc-2.31.so
7f048ad1a000-7f048ad1b000 ---p 001e7000 08:05 3809111                    /usr/lib/x86_64-linux-gnu/libc-2.31.so
7f048ad1b000-7f048ad1e000 r--p 001e7000 08:05 3809111                    /usr/lib/x86_64-linux-gnu/libc-2.31.so
7f048ad1e000-7f048ad21000 rw-p 001ea000 08:05 3809111                    /usr/lib/x86_64-linux-gnu/libc-2.31.so
7f048ad21000-7f048ad25000 rw-p 00000000 00:00 0 
7f048ad26000-7f048ad28000 r--p 00000000 08:05 3935911                    /usr/lib/jvm/java-11-openjdk-amd64/lib/libjimage.so
7f048ad28000-7f048ad2b000 r-xp 00002000 08:05 3935911                    /usr/lib/jvm/java-11-openjdk-amd64/lib/libjimage.so
7f048ad2b000-7f048ad2c000 r--p 00005000 08:05 3935911                    /usr/lib/jvm/java-11-openjdk-amd64/lib/libjimage.so
7f048ad2c000-7f048ad2d000 ---p 00006000 08:05 3935911                    /usr/lib/jvm/java-11-openjdk-amd64/lib/libjimage.so
7f048ad2d000-7f048ad2e000 r--p 00006000 08:05 3935911                    /usr/lib/jvm/java-11-openjdk-amd64/lib/libjimage.so
7f048ad2e000-7f048ad2f000 rw-p 00007000 08:05 3935911                    /usr/lib/jvm/java-11-openjdk-amd64/lib/libjimage.so
7f048ad2f000-7f048ad34000 r--p 00000000 08:05 3935927                    /usr/lib/jvm/java-11-openjdk-amd64/lib/libverify.so
7f048ad34000-7f048ad3b000 r-xp 00005000 08:05 3935927                    /usr/lib/jvm/java-11-openjdk-amd64/lib/libverify.so
7f048ad3b000-7f048ad3d000 r--p 0000c000 08:05 3935927                    /usr/lib/jvm/java-11-openjdk-amd64/lib/libverify.so
7f048ad3d000-7f048ad3e000 ---p 0000e000 08:05 3935927                    /usr/lib/jvm/java-11-openjdk-amd64/lib/libverify.so
7f048ad3e000-7f048ad40000 r--p 0000e000 08:05 3935927                    /usr/lib/jvm/java-11-openjdk-amd64/lib/libverify.so
7f048ad40000-7f048ad41000 rw-p 00010000 08:05 3935927                    /usr/lib/jvm/java-11-openjdk-amd64/lib/libverify.so
7f048ad41000-7f048ad44000 r--p 00000000 08:05 3935891                    /usr/lib/jvm/java-11-openjdk-amd64/lib/jli/libjli.so
7f048ad44000-7f048ad4e000 r-xp 00003000 08:05 3935891                    /usr/lib/jvm/java-11-openjdk-amd64/lib/jli/libjli.so
7f048ad4e000-7f048ad51000 r--p 0000d000 08:05 3935891                    /usr/lib/jvm/java-11-openjdk-amd64/lib/jli/libjli.so
7f048ad51000-7f048ad52000 ---p 00010000 08:05 3935891                    /usr/lib/jvm/java-11-openjdk-amd64/lib/jli/libjli.so
7f048ad52000-7f048ad53000 r--p 00010000 08:05 3935891                    /usr/lib/jvm/java-11-openjdk-amd64/lib/jli/libjli.so
7f048ad53000-7f048ad54000 rw-p 00011000 08:05 3935891                    /usr/lib/jvm/java-11-openjdk-amd64/lib/jli/libjli.so
7f048ad54000-7f048ad56000 rw-p 00000000 00:00 0 
7f048ad56000-7f048ad57000 r--p 00000000 08:05 3808511                    /usr/lib/x86_64-linux-gnu/ld-2.31.so
7f048ad57000-7f048ad7a000 r-xp 00001000 08:05 3808511                    /usr/lib/x86_64-linux-gnu/ld-2.31.so
7f048ad7a000-7f048ad82000 r--p 00024000 08:05 3808511                    /usr/lib/x86_64-linux-gnu/ld-2.31.so
7f048ad83000-7f048ad84000 r--p 0002c000 08:05 3808511                    /usr/lib/x86_64-linux-gnu/ld-2.31.so
7f048ad84000-7f048ad85000 rw-p 0002d000 08:05 3808511                    /usr/lib/x86_64-linux-gnu/ld-2.31.so
7f048ad85000-7f048ad86000 rw-p 00000000 00:00 0 
7ffe14fbf000-7ffe14fe0000 rw-p 00000000 00:00 0                          [stack]
7ffe14fef000-7ffe14ff2000 r--p 00000000 00:00 0                          [vvar]
7ffe14ff2000-7ffe14ff3000 r-xp 00000000 00:00 0                          [vdso]
ffffffffff600000-ffffffffff601000 --xp 00000000 00:00 0                  [vsyscall]


VM Arguments:
jvm_args: --add-modules=ALL-SYSTEM --add-opens=java.base/java.util=ALL-UNNAMED --add-opens=java.base/java.lang=ALL-UNNAMED -Declipse.application=org.eclipse.jdt.ls.core.id1 -Dosgi.bundles.defaultStartLevel=4 -Declipse.product=org.eclipse.jdt.ls.core.product -Dfile.encoding=utf8 -XX:+UseParallelGC -XX:GCTimeRatio=4 -XX:AdaptiveSizePolicyWeight=90 -Dsun.zip.disableMemoryMapping=true -Xmx1G -Xms100m -javaagent:/root/.vscode/extensions/gabrielbb.vscode-lombok-1.0.1/server/lombok.jar -Xverify:none 
java_command: /root/.vscode/extensions/redhat.java-0.65.0/server/plugins/org.eclipse.equinox.launcher_1.5.700.v20200207-2156.jar -configuration /root/.config/Code/User/globalStorage/redhat.java/0.65.0/config_linux -data /root/.config/Code/User/workspaceStorage/e97ea7e9b644ba12820591ed18fd0176/redhat.java/jdt_ws
java_class_path (initial): /root/.vscode/extensions/redhat.java-0.65.0/server/plugins/org.eclipse.equinox.launcher_1.5.700.v20200207-2156.jar
Launcher Type: SUN_STANDARD

[Global flags]
    uintx AdaptiveSizePolicyWeight                 = 90                                        {product} {command line}
     bool BytecodeVerificationLocal                = false                                     {product} {command line}
     bool BytecodeVerificationRemote               = false                                     {product} {command line}
     intx CICompilerCount                          = 3                                         {product} {ergonomic}
    uintx GCTimeRatio                              = 4                                         {product} {command line}
   size_t InitialHeapSize                          = 104857600                                 {product} {command line}
   size_t MaxHeapSize                              = 1073741824                                {product} {command line}
   size_t MaxNewSize                               = 357564416                                 {product} {ergonomic}
   size_t MinHeapDeltaBytes                        = 524288                                    {product} {ergonomic}
   size_t NewSize                                  = 34603008                                  {product} {ergonomic}
    uintx NonNMethodCodeHeapSize                   = 5830732                                {pd product} {ergonomic}
    uintx NonProfiledCodeHeapSize                  = 122913754                              {pd product} {ergonomic}
   size_t OldSize                                  = 70254592                                  {product} {ergonomic}
    uintx ProfiledCodeHeapSize                     = 122913754                              {pd product} {ergonomic}
    uintx ReservedCodeCacheSize                    = 251658240                              {pd product} {ergonomic}
     bool SegmentedCodeCache                       = true                                      {product} {ergonomic}
     bool UseCompressedClassPointers               = true                                 {lp64_product} {ergonomic}
     bool UseCompressedOops                        = true                                 {lp64_product} {ergonomic}
     bool UseParallelGC                            = true                                      {product} {command line}

Logging:
Log output configuration:
 #0: stdout all=warning uptime,level,tags
 #1: stderr all=off uptime,level,tags

Environment Variables:
PATH=/root/.nvm/versions/node/v12.18.3/bin:/usr/local/sbin:/usr/local/bin:/usr/sbin:/usr/bin:/sbin:/bin:/snap/bin
SHELL=/bin/bash
DISPLAY=:0
LANG=pt_BR.UTF-8

Signal Handlers:
SIGSEGV: [libjvm.so+0xd8e010], sa_mask[0]=11111111011111111101111111111110, sa_flags=SA_RESTART|SA_SIGINFO
SIGBUS: [libjvm.so+0xd8e010], sa_mask[0]=11111111011111111101111111111110, sa_flags=SA_RESTART|SA_SIGINFO
SIGFPE: [libjvm.so+0xd8e010], sa_mask[0]=11111111011111111101111111111110, sa_flags=SA_RESTART|SA_SIGINFO
SIGPIPE: [libjvm.so+0xb86b30], sa_mask[0]=11111111011111111101111111111110, sa_flags=SA_RESTART|SA_SIGINFO
SIGXFSZ: [libjvm.so+0xb86b30], sa_mask[0]=11111111011111111101111111111110, sa_flags=SA_RESTART|SA_SIGINFO
SIGILL: [libjvm.so+0xd8e010], sa_mask[0]=11111111011111111101111111111110, sa_flags=SA_RESTART|SA_SIGINFO
SIGUSR2: [libjvm.so+0xb869d0], sa_mask[0]=00000000000000000000000000000000, sa_flags=SA_RESTART|SA_SIGINFO
SIGHUP: [libjvm.so+0xb86e70], sa_mask[0]=11111111011111111101111111111110, sa_flags=SA_RESTART|SA_SIGINFO
SIGINT: [libjvm.so+0xb86e70], sa_mask[0]=11111111011111111101111111111110, sa_flags=SA_RESTART|SA_SIGINFO
SIGTERM: [libjvm.so+0xb86e70], sa_mask[0]=11111111011111111101111111111110, sa_flags=SA_RESTART|SA_SIGINFO
SIGQUIT: [libjvm.so+0xb86e70], sa_mask[0]=11111111011111111101111111111110, sa_flags=SA_RESTART|SA_SIGINFO


---------------  S Y S T E M  ---------------

OS:DISTRIB_ID=Ubuntu
DISTRIB_RELEASE=20.04
DISTRIB_CODENAME=focal
DISTRIB_DESCRIPTION="Ubuntu 20.04.1 LTS"
uname:Linux 5.4.0-42-generic #46-Ubuntu SMP Fri Jul 10 00:24:02 UTC 2020 x86_64
OS uptime: 0 days 6:15 hours
libc:glibc 2.31 NPTL 2.31 
rlimit (soft/hard): STACK 8192k/infinity , CORE 0k/infinity , NPROC 47073/47073 , NOFILE 1048576/1048576 , AS infinity/infinity , CPU infinity/infinity , DATA infinity/infinity , FSIZE infinity/infinity , MEMLOCK 65536k/65536k
load average:1,12 1,21 1,18

/proc/meminfo:
MemTotal:       12138396 kB
MemFree:          810436 kB
MemAvailable:    6536244 kB
Buffers:          569652 kB
Cached:          5418024 kB
SwapCached:            0 kB
Active:          7762620 kB
Inactive:        2710344 kB
Active(anon):    4645092 kB
Inactive(anon):   138888 kB
Active(file):    3117528 kB
Inactive(file):  2571456 kB
Unevictable:      215560 kB
Mlocked:              32 kB
SwapTotal:       2097148 kB
SwapFree:        2097148 kB
Dirty:              2420 kB
Writeback:             4 kB
AnonPages:       4700988 kB
Mapped:          1286028 kB
Shmem:            366452 kB
KReclaimable:     356696 kB
Slab:             496464 kB
SReclaimable:     356696 kB
SUnreclaim:       139768 kB
KernelStack:       16272 kB
PageTables:        62060 kB
NFS_Unstable:          0 kB
Bounce:                0 kB
WritebackTmp:          0 kB
CommitLimit:     8166344 kB
Committed_AS:   12565972 kB
VmallocTotal:   34359738367 kB
VmallocUsed:       28304 kB
VmallocChunk:          0 kB
Percpu:             3888 kB
HardwareCorrupted:     0 kB
AnonHugePages:         0 kB
ShmemHugePages:        0 kB
ShmemPmdMapped:        0 kB
FileHugePages:         0 kB
FilePmdMapped:         0 kB
CmaTotal:              0 kB
CmaFree:               0 kB
HugePages_Total:       0
HugePages_Free:        0
HugePages_Rsvd:        0
HugePages_Surp:        0
Hugepagesize:       2048 kB
Hugetlb:               0 kB
DirectMap4k:      364612 kB
DirectMap2M:    11038720 kB
DirectMap1G:     2097152 kB

/sys/kernel/mm/transparent_hugepage/enabled:
always [madvise] never

/sys/kernel/mm/transparent_hugepage/defrag (defrag/compaction efforts parameter):
always defer defer+madvise [madvise] never


/proc/sys/kernel/threads-max (system-wide limit on the number of threads):
94147


/proc/sys/vm/max_map_count (maximum number of memory map areas a process may have):
65530


/proc/sys/kernel/pid_max (system-wide limit on number of process identifiers):
4194304



container (cgroup) information:
container_type: cgroupv1
cpu_cpuset_cpus: 0-3
cpu_memory_nodes: 0
active_processor_count: 4
cpu_quota: -1
cpu_period: 100000
cpu_shares: -1
memory_limit_in_bytes: -1
memory_and_swap_limit_in_bytes: -2
memory_soft_limit_in_bytes: -1
memory_usage_in_bytes: 7084339200
memory_max_usage_in_bytes: 7450873856

Steal ticks since vm start: 0
Steal ticks percentage since vm start:  0,000

CPU:total 4 (initial active 4) (2 cores per cpu, 2 threads per core) family 6 model 60 stepping 3, cmov, cx8, fxsr, mmx, sse, sse2, sse3, ssse3, sse4.1, sse4.2, popcnt, avx, avx2, aes, clmul, erms, lzcnt, ht, tsc, tscinvbit, bmi1, bmi2, fma
CPU Model and flags from /proc/cpuinfo:
model name	: Intel(R) Core(TM) i3-4160 CPU @ 3.60GHz
flags		: fpu vme de pse tsc msr pae mce cx8 apic sep mtrr pge mca cmov pat pse36 clflush dts acpi mmx fxsr sse sse2 ss ht tm pbe syscall nx pdpe1gb rdtscp lm constant_tsc arch_perfmon pebs bts rep_good nopl xtopology nonstop_tsc cpuid aperfmperf pni pclmulqdq dtes64 monitor ds_cpl vmx est tm2 ssse3 sdbg fma cx16 xtpr pdcm pcid sse4_1 sse4_2 movbe popcnt tsc_deadline_timer aes xsave avx f16c rdrand lahf_lm abm cpuid_fault epb invpcid_single pti ssbd ibrs ibpb stibp tpr_shadow vnmi flexpriority ept vpid ept_ad fsgsbase tsc_adjust bmi1 avx2 smep bmi2 erms invpcid xsaveopt dtherm arat pln pts md_clear flush_l1d

Memory: 4k page, physical 12138396k(810436k free), swap 2097148k(2097148k free)

vm_info: OpenJDK 64-Bit Server VM (11.0.8+10-post-Ubuntu-0ubuntu120.04) for linux-amd64 JRE (11.0.8+10-post-Ubuntu-0ubuntu120.04), built on Jul 15 2020 20:45:24 by "unknown" with gcc 9.3.0

END.
